2025-09-05 16:06:44,493 [INFO] Activator:176 - 


2025-09-05 16:06:44,500 [INFO] Activator:177 - !SESSION log4j initialized
2025-09-05 16:06:58,289 [INFO] LogOutputStream:77 - [STDOUT_REDIRECT] 
2025-09-05 16:07:00,209 [INFO] ApplicationProperties:184 - Using Application install path: D:\Programy\STM32CubeIDE_1.19.0\STM32CubeIDE\plugins\com.st.stm32cube.common.mx_6.15.0.202507011659
2025-09-05 16:07:00,233 [INFO] DbMcusXml:78 - Set database path to: D:\Programy\STM32CubeIDE_1.19.0\STM32CubeIDE\plugins\com.st.stm32cube.common.mx_6.15.0.202507011659\\db\/mcu/
2025-09-05 16:07:00,233 [INFO] ApiDb:274 - Set plugin database path to: D:\Programy\STM32CubeIDE_1.19.0\STM32CubeIDE\plugins\com.st.stm32cube.common.mx_6.15.0.202507011659\\db\/plugins/boardmanager/
2025-09-05 16:07:00,234 [WARN] ApiDb:259 - Overriding images path with different value:  => D:\Programy\STM32CubeIDE_1.19.0\STM32CubeIDE\plugins\com.st.stm32cube.common.mx_6.15.0.202507011659\\db\/plugins/mcufinder/images/
2025-09-05 16:07:00,244 [INFO] ApiDb:250 - Set database path to: C:\Users\kujon\.stmcufinder\plugins\mcufinder//mcu/
2025-09-05 16:07:00,246 [INFO] DbMcusAds:125 - Set database path to: C:\Users\kujon\.stmcufinder\plugins\mcufinder//mcu/
2025-09-05 16:07:00,249 [INFO] CrossReferenceDbSqlite:203 - Set database path to: C:\Users\kujon\.stmcufinder\plugins\mcufinder//mcu/cs/
2025-09-05 16:07:00,400 [INFO] RulesReader:64 - Compatibility file has been processed (317 Rules)
2025-09-05 16:07:00,506 [INFO] DbMcusXml:78 - Set database path to: D:\Programy\STM32CubeIDE_1.19.0\STM32CubeIDE\plugins\com.st.stm32cube.common.mx_6.15.0.202507011659\\db\/mcu/
2025-09-05 16:07:00,506 [INFO] ApiDb:274 - Set plugin database path to: D:\Programy\STM32CubeIDE_1.19.0\STM32CubeIDE\plugins\com.st.stm32cube.common.mx_6.15.0.202507011659\\db\/plugins/boardmanager/
2025-09-05 16:07:00,506 [INFO] ApiDb:261 - Set plugin images path to: D:\Programy\STM32CubeIDE_1.19.0\STM32CubeIDE\plugins\com.st.stm32cube.common.mx_6.15.0.202507011659\\db\/plugins/mcufinder/images/
2025-09-05 16:07:00,507 [WARN] DbFile:41 - Overriding database path with different value: C:\Users\kujon\.stmcufinder\plugins\mcufinder/ => C:\Users\kujon\.stmcufinder\plugins\mcufinder
2025-09-05 16:07:00,507 [INFO] ApiDb:250 - Set database path to: C:\Users\kujon\.stmcufinder\plugins\mcufinder//mcu/
2025-09-05 16:07:00,507 [WARN] DbFile:41 - Overriding database path with different value: C:\Users\kujon\.stmcufinder\plugins\mcufinder/ => C:\Users\kujon\.stmcufinder\plugins\mcufinder
2025-09-05 16:07:00,507 [INFO] DbMcusAds:125 - Set database path to: C:\Users\kujon\.stmcufinder\plugins\mcufinder//mcu/
2025-09-05 16:07:00,507 [WARN] DbFile:41 - Overriding database path with different value: C:\Users\kujon\.stmcufinder\plugins\mcufinder/ => C:\Users\kujon\.stmcufinder\plugins\mcufinder
2025-09-05 16:07:00,507 [WARN] DbFile:41 - Overriding database path with different value: C:\Users\kujon\.stmcufinder\plugins\mcufinder/ => C:\Users\kujon\.stmcufinder\plugins\mcufinder
2025-09-05 16:07:00,507 [INFO] CrossReferenceDbSqlite:203 - Set database path to: C:\Users\kujon\.stmcufinder\plugins\mcufinder//mcu/cs/
2025-09-05 16:07:00,598 [INFO] MainPanel:274 - HeapMemory: 268435456
2025-09-05 16:07:00,734 [INFO] DbMcusXml:78 - Set database path to: D:\Programy\STM32CubeIDE_1.19.0\STM32CubeIDE\plugins\com.st.stm32cube.common.mx_6.15.0.202507011659\\db\/mcu/
2025-09-05 16:07:00,735 [INFO] ApiDb:274 - Set plugin database path to: D:\Programy\STM32CubeIDE_1.19.0\STM32CubeIDE\plugins\com.st.stm32cube.common.mx_6.15.0.202507011659\\db\/plugins/boardmanager/
2025-09-05 16:07:00,735 [INFO] ApiDb:261 - Set plugin images path to: D:\Programy\STM32CubeIDE_1.19.0\STM32CubeIDE\plugins\com.st.stm32cube.common.mx_6.15.0.202507011659\\db\/plugins/mcufinder/images/
2025-09-05 16:07:00,735 [WARN] DbFile:41 - Overriding database path with different value: C:\Users\kujon\.stmcufinder\plugins\mcufinder/ => C:\Users\kujon\.stmcufinder\plugins\mcufinder
2025-09-05 16:07:00,735 [INFO] ApiDb:250 - Set database path to: C:\Users\kujon\.stmcufinder\plugins\mcufinder//mcu/
2025-09-05 16:07:00,736 [WARN] DbFile:41 - Overriding database path with different value: C:\Users\kujon\.stmcufinder\plugins\mcufinder/ => C:\Users\kujon\.stmcufinder\plugins\mcufinder
2025-09-05 16:07:00,736 [INFO] DbMcusAds:125 - Set database path to: C:\Users\kujon\.stmcufinder\plugins\mcufinder//mcu/
2025-09-05 16:07:00,736 [WARN] DbFile:41 - Overriding database path with different value: C:\Users\kujon\.stmcufinder\plugins\mcufinder/ => C:\Users\kujon\.stmcufinder\plugins\mcufinder
2025-09-05 16:07:00,736 [WARN] DbFile:41 - Overriding database path with different value: C:\Users\kujon\.stmcufinder\plugins\mcufinder/ => C:\Users\kujon\.stmcufinder\plugins\mcufinder
2025-09-05 16:07:00,736 [INFO] CrossReferenceDbSqlite:203 - Set database path to: C:\Users\kujon\.stmcufinder\plugins\mcufinder//mcu/cs/
2025-09-05 16:07:00,758 [INFO] ApplicationProperties:184 - Using Application install path: D:\Programy\STM32CubeIDE_1.19.0\STM32CubeIDE\plugins\com.st.stm32cube.common.mx_6.15.0.202507011659
2025-09-05 16:07:00,760 [INFO] PluginManage:196 - Search for loadable plugins [exclusion list=, ]
2025-09-05 16:07:00,761 [INFO] PluginManage:310 - Check plugin analytics
2025-09-05 16:07:01,017 [INFO] AnalyticsPlugin:253 - Accepted Software Licenses: 
2025-09-05 16:07:01,017 [INFO] AnalyticsPlugin:255 - Accepted CMSIS Pack Licenses: 
2025-09-05 16:07:01,017 [INFO] AnalyticsPlugin:257 - Accepted Firmware Licenses: FW.L4.1.18.0
2025-09-05 16:07:01,022 [INFO] PluginManage:359 - Loaded plugin analytics (category:tool,tabindex:-1)
2025-09-05 16:07:01,023 [INFO] PluginManage:310 - Check plugin cadmodel
2025-09-05 16:07:01,048 [INFO] CADModel:105 - Init CAD model plugin
2025-09-05 16:07:01,048 [INFO] PluginManage:359 - Loaded plugin cadmodel (category:power,tabindex:5)
2025-09-05 16:07:01,049 [INFO] PluginManage:310 - Check plugin clock
2025-09-05 16:07:01,078 [INFO] PluginManage:359 - Loaded plugin clock (category:base,tabindex:2)
2025-09-05 16:07:01,078 [INFO] PluginManage:310 - Check plugin ddr
2025-09-05 16:07:01,081 [INFO] PluginManage:359 - Loaded plugin ddr (category:tool,tabindex:6)
2025-09-05 16:07:01,081 [INFO] PluginManage:310 - Check plugin filemanager
2025-09-05 16:07:01,258 [INFO] PluginManage:359 - Loaded plugin filemanager (category:base,tabindex:10)
2025-09-05 16:07:01,258 [INFO] PluginManage:310 - Check plugin ipmanager
2025-09-05 16:07:01,266 [INFO] PluginManage:359 - Loaded plugin ipmanager (category:base,tabindex:5)
2025-09-05 16:07:01,266 [INFO] PluginManage:310 - Check plugin lpbam
2025-09-05 16:07:01,294 [INFO] PluginManage:359 - Loaded plugin lpbam (category:base,tabindex:0)
2025-09-05 16:07:01,294 [INFO] PluginManage:310 - Check plugin memorymap
2025-09-05 16:07:01,326 [INFO] PluginManage:359 - Loaded plugin memorymap (category:base,tabindex:4)
2025-09-05 16:07:01,326 [INFO] PluginManage:310 - Check plugin pinoutandconfiguration
2025-09-05 16:07:01,353 [INFO] PluginManage:359 - Loaded plugin pinoutandconfiguration (category:base,tabindex:1)
2025-09-05 16:07:01,353 [INFO] PluginManage:310 - Check plugin pinoutconfig
2025-09-05 16:07:01,476 [WARN] SupportedApi:132 - Cannot load RTOS API schema: s4s-elt-must-match.1: The content of 'definitions' must match (annotation?, (simpleType | complexType)?, (unique | key | keyref)*)). A problem was found starting at: attribute.
2025-09-05 16:07:01,634 [INFO] PluginManage:359 - Loaded plugin pinoutconfig (category:base,tabindex:0)
2025-09-05 16:07:01,634 [INFO] PluginManage:310 - Check plugin power
2025-09-05 16:07:01,662 [INFO] PluginManage:359 - Loaded plugin power (category:power,tabindex:4)
2025-09-05 16:07:01,662 [INFO] PluginManage:310 - Check plugin projectmanager
2025-09-05 16:07:01,681 [INFO] PluginManage:359 - Loaded plugin projectmanager (category:projectmanager,tabindex:4)
2025-09-05 16:07:01,681 [INFO] PluginManage:310 - Check plugin rif
2025-09-05 16:07:01,708 [INFO] PluginManage:359 - Loaded plugin rif (category:base,tabindex:3)
2025-09-05 16:07:01,708 [INFO] PluginManage:310 - Check plugin thirdparty
2025-09-05 16:07:02,110 [INFO] PluginManage:359 - Loaded plugin thirdparty (category:base,tabindex:-1)
2025-09-05 16:07:02,110 [WARN] IntegrityCheckThread:84 - waiting for thirdparty lock release [integrity check]
2025-09-05 16:07:02,110 [INFO] PluginManage:310 - Check plugin tools
2025-09-05 16:07:02,110 [INFO] IntegrityCheckThread:86 - entering critical section [integrity check]
2025-09-05 16:07:02,111 [INFO] ThirdPartyUpdaterWithRetryManager:70 - Updater plugin not ready yet. [1/15]
2025-09-05 16:07:02,168 [INFO] PluginManage:359 - Loaded plugin tools (category:base,tabindex:7)
2025-09-05 16:07:02,168 [INFO] PluginManage:310 - Check plugin tutovideos
2025-09-05 16:07:02,438 [INFO] PluginManage:359 - Loaded plugin tutovideos (category:base,tabindex:-1)
2025-09-05 16:07:02,439 [INFO] PluginManage:310 - Check plugin updater
2025-09-05 16:07:02,464 [INFO] PluginManage:359 - Loaded plugin updater (category:base,tabindex:12)
2025-09-05 16:07:02,465 [INFO] PluginManage:310 - Check plugin userauth
2025-09-05 16:07:02,470 [INFO] UserAuth:118 - Init User Auth plugin
2025-09-05 16:07:02,473 [INFO] PluginManage:359 - Loaded plugin userauth (category:base,tabindex:14)
2025-09-05 16:07:02,474 [INFO] PluginManage:283 - PluginManage : Loaded plugins [18]
2025-09-05 16:07:02,770 [INFO] PinOutPanel:1589 - setPackage(No Configuration,No Configuration)
2025-09-05 16:07:02,882 [INFO] CADModel:165 - CPN selected for project level
2025-09-05 16:07:02,884 [INFO] CADModel:114 - Register for checkConnection events
2025-09-05 16:07:02,926 [INFO] IPUIPlugin:80 - create IPUIPlugin
2025-09-05 16:07:02,926 [INFO] PluginManager:220 - loadIPPluginJar : add adc
2025-09-05 16:07:02,995 [INFO] IPUIPlugin:80 - create IPUIPlugin
2025-09-05 16:07:02,995 [INFO] PluginManager:220 - loadIPPluginJar : add aes
2025-09-05 16:07:03,075 [INFO] IPUIPlugin:80 - create IPUIPlugin
2025-09-05 16:07:03,075 [INFO] PluginManager:220 - loadIPPluginJar : add can
2025-09-05 16:07:03,114 [INFO] IPUIPlugin:80 - create IPUIPlugin
2025-09-05 16:07:03,114 [INFO] PluginManager:220 - loadIPPluginJar : add comp
2025-09-05 16:07:03,168 [INFO] IPUIPlugin:80 - create IPUIPlugin
2025-09-05 16:07:03,168 [INFO] PluginManager:220 - loadIPPluginJar : add cryp
2025-09-05 16:07:03,188 [INFO] IPUIPlugin:80 - create IPUIPlugin
2025-09-05 16:07:03,188 [INFO] PluginManager:220 - loadIPPluginJar : add ddr_ctrl_phy
2025-09-05 16:07:03,235 [INFO] IPUIPlugin:80 - create IPUIPlugin
2025-09-05 16:07:03,236 [INFO] PluginManager:220 - loadIPPluginJar : add dfsdm
2025-09-05 16:07:03,258 [INFO] IPUIPlugin:80 - create IPUIPlugin
2025-09-05 16:07:03,259 [INFO] PluginManager:220 - loadIPPluginJar : add dma
2025-09-05 16:07:03,322 [INFO] IPUIPlugin:80 - create IPUIPlugin
2025-09-05 16:07:03,322 [INFO] PluginManager:220 - loadIPPluginJar : add dma3
2025-09-05 16:07:03,386 [INFO] IPUIPlugin:80 - create IPUIPlugin
2025-09-05 16:07:03,387 [INFO] PluginManager:220 - loadIPPluginJar : add extmemmanager
2025-09-05 16:07:03,422 [INFO] IPUIPlugin:80 - create IPUIPlugin
2025-09-05 16:07:03,422 [INFO] PluginManager:220 - loadIPPluginJar : add fatfs
2025-09-05 16:07:03,496 [INFO] IPUIPlugin:80 - create IPUIPlugin
2025-09-05 16:07:03,496 [INFO] PluginManager:220 - loadIPPluginJar : add fmc
2025-09-05 16:07:03,520 [INFO] IPUIPlugin:80 - create IPUIPlugin
2025-09-05 16:07:03,520 [INFO] PluginManager:220 - loadIPPluginJar : add freertos
2025-09-05 16:07:03,556 [INFO] IPUIPlugin:80 - create IPUIPlugin
2025-09-05 16:07:03,556 [INFO] PluginManager:220 - loadIPPluginJar : add genericplugin
2025-09-05 16:07:03,707 [INFO] IPUIPlugin:80 - create IPUIPlugin
2025-09-05 16:07:03,707 [INFO] PluginManager:220 - loadIPPluginJar : add gfxmmu
2025-09-05 16:07:03,923 [INFO] IPUIPlugin:80 - create IPUIPlugin
2025-09-05 16:07:03,924 [INFO] PluginManager:220 - loadIPPluginJar : add gic
2025-09-05 16:07:03,942 [INFO] IPUIPlugin:80 - create IPUIPlugin
2025-09-05 16:07:03,942 [INFO] PluginManager:220 - loadIPPluginJar : add gpio
2025-09-05 16:07:04,082 [INFO] IPUIPlugin:80 - create IPUIPlugin
2025-09-05 16:07:04,082 [INFO] PluginManager:220 - loadIPPluginJar : add gtzc
2025-09-05 16:07:04,133 [INFO] IPUIPlugin:80 - create IPUIPlugin
2025-09-05 16:07:04,133 [INFO] PluginManager:220 - loadIPPluginJar : add hash
2025-09-05 16:07:04,216 [INFO] IPUIPlugin:80 - create IPUIPlugin
2025-09-05 16:07:04,216 [INFO] PluginManager:220 - loadIPPluginJar : add i2c
2025-09-05 16:07:04,274 [INFO] IPUIPlugin:80 - create IPUIPlugin
2025-09-05 16:07:04,275 [INFO] PluginManager:220 - loadIPPluginJar : add i2s
2025-09-05 16:07:04,336 [INFO] IPUIPlugin:80 - create IPUIPlugin
2025-09-05 16:07:04,336 [INFO] PluginManager:220 - loadIPPluginJar : add i3c
2025-09-05 16:07:04,481 [INFO] IPUIPlugin:80 - create IPUIPlugin
2025-09-05 16:07:04,481 [INFO] PluginManager:220 - loadIPPluginJar : add ipddr
2025-09-05 16:07:04,632 [INFO] IPUIPlugin:80 - create IPUIPlugin
2025-09-05 16:07:04,633 [INFO] PluginManager:220 - loadIPPluginJar : add linkedlist
2025-09-05 16:07:04,690 [INFO] IPUIPlugin:80 - create IPUIPlugin
2025-09-05 16:07:04,690 [INFO] PluginManager:220 - loadIPPluginJar : add lorawan
2025-09-05 16:07:04,748 [INFO] IPUIPlugin:80 - create IPUIPlugin
2025-09-05 16:07:04,748 [INFO] PluginManager:220 - loadIPPluginJar : add ltdc
2025-09-05 16:07:04,767 [INFO] IPUIPlugin:80 - create IPUIPlugin
2025-09-05 16:07:04,767 [INFO] PluginManager:220 - loadIPPluginJar : add mdma
2025-09-05 16:07:04,789 [INFO] IPUIPlugin:80 - create IPUIPlugin
2025-09-05 16:07:04,789 [INFO] PluginManager:220 - loadIPPluginJar : add nvic
2025-09-05 16:07:04,856 [INFO] IPUIPlugin:80 - create IPUIPlugin
2025-09-05 16:07:04,856 [INFO] PluginManager:220 - loadIPPluginJar : add opamp
2025-09-05 16:07:04,966 [INFO] IPUIPlugin:80 - create IPUIPlugin
2025-09-05 16:07:04,966 [INFO] PluginManager:220 - loadIPPluginJar : add openamp
2025-09-05 16:07:05,062 [INFO] IPUIPlugin:80 - create IPUIPlugin
2025-09-05 16:07:05,062 [INFO] PluginManager:220 - loadIPPluginJar : add pdm2pcm
2025-09-05 16:07:05,084 [INFO] IPUIPlugin:80 - create IPUIPlugin
2025-09-05 16:07:05,088 [INFO] PluginManager:220 - loadIPPluginJar : add plateformsettings
2025-09-05 16:07:05,119 [INFO] ThirdPartyUpdaterWithRetryManager:70 - Updater plugin not ready yet. [2/15]
2025-09-05 16:07:05,126 [INFO] IPUIPlugin:80 - create IPUIPlugin
2025-09-05 16:07:05,126 [INFO] PluginManager:220 - loadIPPluginJar : add quadspi
2025-09-05 16:07:05,167 [INFO] IPUIPlugin:80 - create IPUIPlugin
2025-09-05 16:07:05,168 [INFO] PluginManager:220 - loadIPPluginJar : add radio
2025-09-05 16:07:05,187 [INFO] IPUIPlugin:80 - create IPUIPlugin
2025-09-05 16:07:05,187 [INFO] PluginManager:220 - loadIPPluginJar : add resmgrutility
2025-09-05 16:07:05,255 [INFO] IPUIPlugin:80 - create IPUIPlugin
2025-09-05 16:07:05,255 [INFO] PluginManager:220 - loadIPPluginJar : add sai
2025-09-05 16:07:05,314 [INFO] IPUIPlugin:80 - create IPUIPlugin
2025-09-05 16:07:05,315 [INFO] PluginManager:220 - loadIPPluginJar : add spi
2025-09-05 16:07:05,423 [INFO] IPUIPlugin:80 - create IPUIPlugin
2025-09-05 16:07:05,423 [INFO] PluginManager:220 - loadIPPluginJar : add stm32_wpan
2025-09-05 16:07:05,461 [INFO] IPUIPlugin:80 - create IPUIPlugin
2025-09-05 16:07:05,461 [INFO] PluginManager:220 - loadIPPluginJar : add tim
2025-09-05 16:07:05,549 [INFO] IPUIPlugin:80 - create IPUIPlugin
2025-09-05 16:07:05,549 [INFO] PluginManager:220 - loadIPPluginJar : add touchsensing
2025-09-05 16:07:05,584 [INFO] IPUIPlugin:80 - create IPUIPlugin
2025-09-05 16:07:05,584 [INFO] PluginManager:220 - loadIPPluginJar : add tracer_emb
2025-09-05 16:07:05,627 [INFO] IPUIPlugin:80 - create IPUIPlugin
2025-09-05 16:07:05,627 [INFO] PluginManager:220 - loadIPPluginJar : add ts
2025-09-05 16:07:05,666 [INFO] IPUIPlugin:80 - create IPUIPlugin
2025-09-05 16:07:05,666 [INFO] PluginManager:220 - loadIPPluginJar : add tsc
2025-09-05 16:07:05,704 [INFO] IPUIPlugin:80 - create IPUIPlugin
2025-09-05 16:07:05,704 [INFO] PluginManager:220 - loadIPPluginJar : add ucpd
2025-09-05 16:07:05,772 [INFO] IPUIPlugin:80 - create IPUIPlugin
2025-09-05 16:07:05,772 [INFO] PluginManager:220 - loadIPPluginJar : add usart
2025-09-05 16:07:05,838 [INFO] IPUIPlugin:80 - create IPUIPlugin
2025-09-05 16:07:05,838 [INFO] PluginManager:220 - loadIPPluginJar : add usbx
2025-09-05 16:07:05,990 [FATAL] Updater:351 - Updater called before beeing initialized
2025-09-05 16:07:06,024 [INFO] RulesReader:64 - Compatibility file has been processed (317 Rules)
2025-09-05 16:07:06,036 [INFO] RulesReader:64 - Compatibility file has been processed (317 Rules)
2025-09-05 16:07:06,048 [INFO] CADModel:165 - CPN selected for project level
2025-09-05 16:07:06,048 [INFO] CADModel:114 - Register for checkConnection events
2025-09-05 16:07:06,048 [FATAL] Updater:351 - Updater called before beeing initialized
2025-09-05 16:07:06,048 [ERROR] CADModel:125 - Updater not yet initialized, retry later 
2025-09-05 16:07:06,226 [FATAL] Updater:351 - Updater called before beeing initialized
2025-09-05 16:07:06,229 [INFO] CADModel:165 - CPN selected for project level
2025-09-05 16:07:06,230 [INFO] CADModel:114 - Register for checkConnection events
2025-09-05 16:07:06,230 [FATAL] Updater:351 - Updater called before beeing initialized
2025-09-05 16:07:06,230 [ERROR] CADModel:125 - Updater not yet initialized, retry later 
2025-09-05 16:07:06,233 [FATAL] Updater:351 - Updater called before beeing initialized
2025-09-05 16:07:06,383 [FATAL] Updater:351 - Updater called before beeing initialized
2025-09-05 16:07:06,397 [INFO] DbMcusAds:53 - JSON generation date=Tue Jul 08 10:14:23 CEST 2025 (1751962463582)
2025-09-05 16:07:06,397 [FATAL] Updater:351 - Updater called before beeing initialized
2025-09-05 16:07:06,497 [WARN] DetailPanel:346 - Failed to get advertising image, set to default
2025-09-05 16:07:06,596 [FATAL] Updater:351 - Updater called before beeing initialized
2025-09-05 16:07:06,599 [FATAL] Updater:351 - Updater called before beeing initialized
2025-09-05 16:07:06,599 [FATAL] Updater:351 - Updater called before beeing initialized
2025-09-05 16:07:06,599 [WARN] DetailPanel:346 - Failed to get advertising image, set to default
2025-09-05 16:07:06,599 [FATAL] Updater:351 - Updater called before beeing initialized
2025-09-05 16:07:06,671 [ERROR] Updater:1198 - MainUpdater not yet initialized. External WinMGr cannot be set.
2025-09-05 16:07:06,685 [INFO] Updater:1134 - Updater Version found : 6.15.0
2025-09-05 16:07:06,706 [INFO] ApplicationProperties:184 - Using Application install path: D:\Programy\STM32CubeIDE_1.19.0\STM32CubeIDE\plugins\com.st.stm32cube.common.mx_6.15.0.202507011659
2025-09-05 16:07:08,133 [INFO] ThirdPartyUpdaterWithRetryManager:70 - Updater plugin not ready yet. [3/15]
2025-09-05 16:07:08,312 [ERROR] LogOutputStream:75 - [STDERR_REDIRECT] Sep 05, 2025 4:07:08 PM java.util.prefs.WindowsPreferences <init>
2025-09-05 16:07:08,314 [ERROR] LogOutputStream:75 - [STDERR_REDIRECT] WARNING: Could not open/create prefs root node Software\JavaSoft\Prefs at root 0xffffffff80000002. Windows RegCreateKeyEx(...) returned error code 5.
2025-09-05 16:07:08,314 [ERROR] LogOutputStream:75 - [STDERR_REDIRECT] 
2025-09-05 16:07:08,686 [INFO] MainUpdater:2872 - connection check result : 10
2025-09-05 16:07:08,687 [INFO] MainUpdater:3604 - Updater definition file requires update
2025-09-05 16:07:08,689 [INFO] MainUpdater:289 - Updater Check For Update Now.
2025-09-05 16:07:08,689 [INFO] MicroXplorer:498 - Change Database Version : DB.6.0.150
2025-09-05 16:07:08,711 [INFO] McuFinderGlobals:63 - Set McuFinder mode to 2 (CubeIDE integrated)
2025-09-05 16:07:08,722 [INFO] UserAuth:487 - Internet connection configuration mode: 1
2025-09-05 16:07:08,758 [INFO] JxBrowserEngine:152 - Initiate JxBrowser Engine with user profile folder
2025-09-05 16:07:08,767 [INFO] ServerAccessManage:452 - Complete download http(s) 200
2025-09-05 16:07:08,769 [INFO] ServerAccessManage:509 - Download File updaters.zip
2025-09-05 16:07:08,897 [INFO] FileExtend:248 - Unzip File : updaters.zip
2025-09-05 16:07:08,898 [INFO] FileExtend:263 - Standard Zip Deflate
2025-09-05 16:07:10,615 [INFO] ServerAccessManage:452 - Complete download http(s) 200
2025-09-05 16:07:10,615 [INFO] ServerAccessManage:509 - Download File PacksControlFlags.xml
2025-09-05 16:07:10,953 [INFO] ServerAccessManage:452 - Complete download http(s) 200
2025-09-05 16:07:10,953 [INFO] ServerAccessManage:509 - Download File cubemx.pidx
2025-09-05 16:07:11,147 [WARN] MainUpdater:1193 - Updater busy. Cannot search thirdparties
2025-09-05 16:07:11,153 [INFO] ThirdPartyUpdaterWithRetryManager:96 - Updater plugin is busy. [1/15]
2025-09-05 16:07:11,711 [INFO] WebApp:169 - Instantiating new browser for Auth
2025-09-05 16:07:13,429 [INFO] WebApp:463 - Apply proxy settings
2025-09-05 16:07:13,430 [INFO] WebApp:548 - Chromium requires no authentication
2025-09-05 16:07:13,446 [INFO] ServerAccessManage:452 - Complete download http(s) 200
2025-09-05 16:07:13,446 [INFO] ServerAccessManage:509 - Download File STMicroelectronics.X-CUBE-STSE01.pdsc
2025-09-05 16:07:13,447 [INFO] WebApp:491 - Direct internet connection detected
2025-09-05 16:07:13,508 [INFO] WebApp:900 - Register for checkConnection events
2025-09-05 16:07:13,508 [INFO] WebApp:463 - Apply proxy settings
2025-09-05 16:07:13,509 [INFO] WebApp:548 - Chromium requires no authentication
2025-09-05 16:07:13,509 [INFO] WebApp:491 - Direct internet connection detected
2025-09-05 16:07:13,781 [INFO] WebApp:191 - Connection restablished
2025-09-05 16:07:13,815 [INFO] WebApp:225 - Starting web application
2025-09-05 16:07:13,816 [INFO] WebApp:593 - Web application path used D:\Programy\STM32CubeIDE_1.19.0\STM32CubeIDE\plugins\com.st.stm32cube.common.mx_6.15.0.202507011659\db\plugins\mcufinder\reactClient1\index.html
2025-09-05 16:07:14,172 [WARN] MainUpdater:1193 - Updater busy. Cannot search thirdparties
2025-09-05 16:07:14,173 [INFO] ThirdPartyUpdaterWithRetryManager:96 - Updater plugin is busy. [2/15]
2025-09-05 16:07:14,329 [INFO] UserAuth:487 - Internet connection configuration mode: 1
2025-09-05 16:07:15,899 [WARN] PackLoader:240 - Cannot read IP mode file for STMicroelectronics.X-CUBE-STSE01.1.0.0
2025-09-05 16:07:15,907 [INFO] PopulateThirdPartyThread:66 - Ending populate Thread
2025-09-05 16:07:15,910 [INFO] ThirdParty:1030 - CMSIS Pack Vendor :STMicroelectronics X-CUBE-STSE01 1.0.0
2025-09-05 16:07:15,910 [INFO] LoadServerUpdatesThread:375 - End of LoadServerUpdate Thread
2025-09-05 16:07:16,045 [INFO] CheckServerUpdateThread:120 - End of CheckServer Thread
2025-09-05 16:07:17,878 [WARN] PackLoader:240 - Cannot read IP mode file for STMicroelectronics.FP-SNS-MOTENVWB1.1.4.0
2025-09-05 16:07:17,897 [WARN] PackLoader:240 - Cannot read IP mode file for STMicroelectronics.FP-ATR-ASTRA1.2.0.2
2025-09-05 16:07:17,944 [WARN] PackLoader:240 - Cannot read IP mode file for STMicroelectronics.X-CUBE-SMBUS.2.1.0
2025-09-05 16:07:17,995 [WARN] PackLoader:240 - Cannot read IP mode file for STMicroelectronics.X-CUBE-ST60.1.0.0
2025-09-05 16:07:18,083 [WARN] PackLoader:240 - Cannot read IP mode file for STMicroelectronics.X-CUBE-AZRTOS-F7.1.1.0
2025-09-05 16:07:18,156 [WARN] PackLoader:240 - Cannot read IP mode file for STMicroelectronics.X-CUBE-BLE1.6.2.4
2025-09-05 16:07:18,329 [WARN] PackLoader:240 - Cannot read IP mode file for WES.I-CUBE-Cesium.1.4.0
2025-09-05 16:07:18,396 [WARN] PackLoader:240 - Cannot read IP mode file for Infineon.AIROC-Wi-Fi-Bluetooth-STM32.1.7.1
2025-09-05 16:07:18,516 [WARN] PackLoader:240 - Cannot read IP mode file for STMicroelectronics.X-CUBE-AZRTOS-H7.3.4.0
2025-09-05 16:07:18,642 [WARN] PackLoader:240 - Cannot read IP mode file for STMicroelectronics.X-CUBE-DISPLAY.3.0.0
2025-09-05 16:07:18,711 [WARN] PackLoader:240 - Cannot read IP mode file for STMicroelectronics.X-CUBE-NFC10.1.0.0
2025-09-05 16:07:19,096 [WARN] PackLoader:240 - Cannot read IP mode file for emotas.I-CUBE-CANOPEN.1.3.0
2025-09-05 16:07:19,209 [WARN] PackLoader:240 - Cannot read IP mode file for STMicroelectronics.FP-SNS-STBOX1.2.1.0
2025-09-05 16:07:19,408 [WARN] PackLoader:240 - Cannot read IP mode file for STMicroelectronics.FP-SNS-SMARTAG2.1.2.0
2025-09-05 16:07:19,430 [WARN] PackLoader:240 - Cannot read IP mode file for STMicroelectronics.FP-SNS-FLIGHT1.5.1.0
2025-09-05 16:07:19,481 [INFO] LogOutputStream:77 - [STDOUT_REDIRECT] 1 : Invalid condition id : UX_CORESTACK_Condition cause : null
2025-09-05 16:07:19,482 [INFO] LogOutputStream:77 - [STDOUT_REDIRECT] 1 : Invalid condition id : UX_CORESTACK_Condition cause : null
2025-09-05 16:07:19,491 [INFO] LogOutputStream:77 - [STDOUT_REDIRECT] 1 : Invalid condition id : UX_CORESTACK_Condition cause : null
2025-09-05 16:07:19,492 [INFO] LogOutputStream:77 - [STDOUT_REDIRECT] 1 : Invalid condition id : UX_CORESTACK_Condition cause : null
2025-09-05 16:07:19,494 [INFO] LogOutputStream:77 - [STDOUT_REDIRECT] 1 : Invalid condition id : UX_CORESTACK_Condition cause : null
2025-09-05 16:07:19,505 [WARN] PackLoader:240 - Cannot read IP mode file for STMicroelectronics.X-CUBE-AZRTOS-WL.2.0.0
2025-09-05 16:07:19,581 [WARN] PackLoader:240 - Cannot read IP mode file for STMicroelectronics.FP-SNS-MOTENV1.5.0.0
2025-09-05 16:07:19,634 [WARN] PackLoader:240 - Cannot read IP mode file for STMicroelectronics.X-CUBE-BLE2.3.3.0
2025-09-05 16:07:19,706 [WARN] PackLoader:240 - Cannot read IP mode file for STMicroelectronics.X-CUBE-TOF1.3.2.0
2025-09-05 16:07:19,774 [WARN] PackLoader:240 - Cannot read IP mode file for STMicroelectronics.X-CUBE-NFC9.1.0.0
2025-09-05 16:07:19,832 [WARN] PackLoader:240 - Cannot read IP mode file for wolfSSL.I-CUBE-wolfSSL.5.8.2
2025-09-05 16:07:19,871 [WARN] PackLoader:240 - Cannot read IP mode file for STMicroelectronics.X-CUBE-BLE1.7.1.0
2025-09-05 16:07:19,894 [WARN] PackLoader:240 - Cannot read IP mode file for wolfSSL.I-CUBE-wolfMQTT.1.19.2
2025-09-05 16:07:19,942 [WARN] PackLoader:240 - Cannot read IP mode file for STMicroelectronics.X-CUBE-EEPRMA1.5.2.0
2025-09-05 16:07:19,990 [WARN] PackLoader:240 - Cannot read IP mode file for STMicroelectronics.X-CUBE-TOUCHGFX.4.21.1
2025-09-05 16:07:20,039 [WARN] PackLoader:240 - Cannot read IP mode file for STMicroelectronics.X-CUBE-ALGOBUILD.1.3.0
2025-09-05 16:07:20,655 [WARN] PackLoader:240 - Cannot read IP mode file for STMicroelectronics.X-CUBE-AZRTOS-G0.1.1.0
2025-09-05 16:07:20,875 [WARN] PackLoader:240 - Cannot read IP mode file for STMicroelectronics.X-CUBE-SAFEA1.1.2.2
2025-09-05 16:07:20,960 [WARN] PackLoader:240 - Cannot read IP mode file for STMicroelectronics.X-CUBE-NFC4.3.0.0
2025-09-05 16:07:21,026 [WARN] PackLoader:240 - Cannot read IP mode file for EmbeddedOffice.I-CUBE-FS-RTOS.1.0.1
2025-09-05 16:07:21,089 [WARN] PackLoader:240 - Cannot read IP mode file for STMicroelectronics.X-CUBE-WB05N.2.0.0
2025-09-05 16:07:21,173 [WARN] PackLoader:240 - Cannot read IP mode file for wolfSSL.I-CUBE-wolfTPM.3.8.0
2025-09-05 16:07:21,248 [WARN] PackLoader:240 - Cannot read IP mode file for STMicroelectronics.X-CUBE-BLEMGR.1.3.0
2025-09-05 16:07:21,349 [WARN] PackLoader:240 - Cannot read IP mode file for STMicroelectronics.X-CUBE-TCPP.4.2.0
2025-09-05 16:07:21,422 [WARN] PackLoader:240 - Cannot read IP mode file for RealThread.X-CUBE-RT-Thread_Nano.4.1.1
2025-09-05 16:07:21,432 [WARN] PackLoader:240 - Cannot read IP mode file for STMicroelectronics.FP-ATR-SIGFOX1.3.2.0
2025-09-05 16:07:21,496 [WARN] PackLoader:240 - Cannot read IP mode file for ITTIA_DB.I-CUBE-ITTIADB.8.9.0
2025-09-05 16:07:21,639 [WARN] PackLoader:240 - Cannot read IP mode file for STMicroelectronics.X-CUBE-MEMS1.9.5.0
2025-09-05 16:07:22,070 [WARN] PackLoader:240 - Cannot read IP mode file for STMicroelectronics.X-CUBE-ST67W61.1.0.0
2025-09-05 16:07:22,184 [WARN] PackLoader:240 - Cannot read IP mode file for STMicroelectronics.X-CUBE-AI.10.2.0
2025-09-05 16:07:22,267 [WARN] PackLoader:240 - Cannot read IP mode file for SEGGER.I-CUBE-embOS.1.3.1
2025-09-05 16:07:22,379 [WARN] PackLoader:240 - Cannot read IP mode file for STMicroelectronics.X-CUBE-ALGOBUILD.1.4.0
2025-09-05 16:07:22,608 [WARN] PackLoader:240 - Cannot read IP mode file for STMicroelectronics.X-CUBE-MEMS1.11.3.0
2025-09-05 16:07:22,807 [WARN] PackLoader:240 - Cannot read IP mode file for STMicroelectronics.X-CUBE-PM33A1.1.0.0
2025-09-05 16:07:22,841 [WARN] PackLoader:240 - Cannot read IP mode file for STMicroelectronics.X-CUBE-GNSS1.6.0.0
2025-09-05 16:07:22,894 [WARN] PackLoader:240 - Cannot read IP mode file for STMicroelectronics.X-CUBE-AZRTOS-F4.1.1.0
2025-09-05 16:07:22,908 [WARN] PackLoader:240 - Cannot read IP mode file for Avnet-IotConnect.X-CUBE-IoTC-DA16k-PMOD.1.0.0
2025-09-05 16:07:22,945 [WARN] PackLoader:240 - Cannot read IP mode file for STMicroelectronics.X-CUBE-ISPU.2.1.0
2025-09-05 16:07:22,987 [WARN] PackLoader:240 - Cannot read IP mode file for STMicroelectronics.X-CUBE-NFC12.1.0.0
2025-09-05 16:07:23,056 [WARN] PackLoader:240 - Cannot read IP mode file for STMicroelectronics.X-CUBE-AZRTOS-L5.2.0.0
2025-09-05 16:07:23,104 [WARN] PackLoader:240 - Cannot read IP mode file for STMicroelectronics.X-CUBE-NFC6.3.1.0
2025-09-05 16:07:23,143 [WARN] PackLoader:240 - Cannot read IP mode file for emotas.I-CUBE-CANOPEN.1.1.3
2025-09-05 16:07:23,182 [WARN] PackLoader:240 - Cannot read IP mode file for wolfSSL.I-CUBE-wolfSSL.5.5.4
2025-09-05 16:07:23,219 [WARN] PackLoader:240 - Cannot read IP mode file for STMicroelectronics.X-CUBE-FREERTOS.1.3.1
2025-09-05 16:07:23,258 [WARN] PackLoader:240 - Cannot read IP mode file for STMicroelectronics.X-CUBE-NFC7.1.0.0
2025-09-05 16:07:23,288 [WARN] PackLoader:240 - Cannot read IP mode file for STMicroelectronics.X-CUBE-EEPRMA1.4.1.0
2025-09-05 16:07:23,322 [WARN] PackLoader:240 - Cannot read IP mode file for STMicroelectronics.FP-SNS-STAIOTCFT.1.0.0
2025-09-05 16:07:23,351 [WARN] PackLoader:240 - Cannot read IP mode file for STMicroelectronics.X-CUBE-DPower.1.3.0
2025-09-05 16:07:23,403 [WARN] ConditionMgr:438 - getConditionDescription Invalid condition id : LAN8742 Phy interface Condition cause : null
2025-09-05 16:07:23,404 [WARN] PackLoader:240 - Cannot read IP mode file for STMicroelectronics.X-CUBE-AZRTOS-L4.2.0.0
2025-09-05 16:07:23,406 [WARN] ConditionMgr:1044 - genDependencies : Invalid condition id : LAN8742 Phy interface Condition cause : null
2025-09-05 16:07:23,407 [WARN] ConditionMgr:1044 - genDependencies : Invalid condition id : LAN8742 Phy interface Condition cause : null
2025-09-05 16:07:23,407 [WARN] ConditionMgr:1044 - genDependencies : Invalid condition id : LAN8742 Phy interface Condition cause : null
2025-09-05 16:07:23,441 [WARN] PackLoader:240 - Cannot read IP mode file for STMicroelectronics.X-CUBE-SFXS2LP1.4.0.0
2025-09-05 16:07:23,512 [WARN] PackLoader:240 - Cannot read IP mode file for STMicroelectronics.X-CUBE-AZRTOS-H7.3.0.0
2025-09-05 16:07:23,775 [WARN] PackLoader:240 - Cannot read IP mode file for STMicroelectronics.X-CUBE-ISPU.1.1.0
2025-09-05 16:07:23,797 [WARN] PackLoader:240 - Cannot read IP mode file for RoweBots.I-CUBE-UNISONRTOS.5.5.0-4
2025-09-05 16:07:23,823 [WARN] PackLoader:240 - Cannot read IP mode file for STMicroelectronics.X-CUBE-BLEMGR.4.1.0
2025-09-05 16:07:23,845 [WARN] PackLoader:240 - Cannot read IP mode file for STMicroelectronics.X-CUBE-AI.8.0.0
2025-09-05 16:07:23,876 [WARN] ConditionMgr:438 - getConditionDescription Invalid condition id : UX DEVICE CLASS RTOS Condition cause : null
2025-09-05 16:07:23,876 [WARN] ConditionMgr:438 - getConditionDescription Invalid condition id : UX DEVICE CLASS RTOS Condition cause : null
2025-09-05 16:07:23,877 [WARN] PackLoader:240 - Cannot read IP mode file for STMicroelectronics.X-CUBE-AZRTOS-WB.2.0.0
2025-09-05 16:07:23,878 [WARN] ConditionMgr:1044 - genDependencies : Invalid condition id : UX DEVICE CLASS RTOS Condition cause : null
2025-09-05 16:07:23,878 [WARN] ConditionMgr:1044 - genDependencies : Invalid condition id : UX DEVICE CLASS RTOS Condition cause : null
2025-09-05 16:07:23,878 [WARN] ConditionMgr:1044 - genDependencies : Invalid condition id : UX DEVICE CLASS RTOS Condition cause : null
2025-09-05 16:07:23,878 [WARN] ConditionMgr:1044 - genDependencies : Invalid condition id : UX DEVICE CLASS RTOS Condition cause : null
2025-09-05 16:07:23,878 [WARN] ConditionMgr:1044 - genDependencies : Invalid condition id : UX DEVICE CLASS RTOS Condition cause : null
2025-09-05 16:07:23,898 [WARN] PackLoader:240 - Cannot read IP mode file for STMicroelectronics.X-CUBE-GNSS1.7.0.1
2025-09-05 16:07:23,925 [WARN] PackLoader:240 - Cannot read IP mode file for STMicroelectronics.X-CUBE-TOUCHGFX.4.25.0
2025-09-05 16:07:23,934 [WARN] ConditionMgr:438 - getConditionDescription Invalid condition id : Cortex-A Device cause : null
2025-09-05 16:07:23,970 [WARN] ConditionMgr:1044 - genDependencies : Invalid condition id : Cortex-A Device cause : null
2025-09-05 16:07:23,970 [WARN] ConditionMgr:1044 - genDependencies : Invalid condition id : Cortex-A Device cause : null
2025-09-05 16:07:23,972 [WARN] ConditionMgr:1044 - genDependencies : Invalid condition id : Cortex-A Device cause : null
2025-09-05 16:07:24,004 [WARN] PackLoader:240 - Cannot read IP mode file for STMicroelectronics.X-CUBE-AZRTOS-L5.1.1.0
2025-09-05 16:07:24,031 [WARN] PackLoader:240 - Cannot read IP mode file for STMicroelectronics.X-CUBE-SUBG2.5.0.0
2025-09-05 16:07:24,079 [WARN] PackLoader:240 - Cannot read IP mode file for STMicroelectronics.X-CUBE-AZRTOS-H7RS.1.1.0
2025-09-05 16:07:24,092 [WARN] PackLoader:240 - Cannot read IP mode file for Cesanta.I-CUBE-Mongoose.7.13.0
2025-09-05 16:07:24,131 [WARN] PackLoader:240 - Cannot read IP mode file for STMicroelectronics.X-CUBE-AZRTOS-G4.2.0.0
2025-09-05 16:07:24,158 [WARN] PackLoader:240 - Cannot read IP mode file for STMicroelectronics.FP-ATR-ASTRA1.1.1.1
2025-09-05 16:07:24,165 [WARN] PackLoader:240 - Cannot read IP mode file for wolfSSL.I-CUBE-wolfSSH.1.4.20
2025-09-05 16:07:24,185 [WARN] PackLoader:240 - Cannot read IP mode file for STMicroelectronics.X-CUBE-NFC7.2.0.0
2025-09-05 16:07:24,218 [WARN] PackLoader:240 - Cannot read IP mode file for STMicroelectronics.X-CUBE-AZRTOS-G4.1.0.0
2025-09-05 16:07:24,259 [WARN] PackLoader:240 - Cannot read IP mode file for STMicroelectronics.X-CUBE-AZRTOS-L4.1.0.0
2025-09-05 16:07:24,307 [WARN] PackLoader:240 - Cannot read IP mode file for STMicroelectronics.X-CUBE-IPS.3.1.0
2025-09-05 16:07:24,345 [WARN] PackLoader:240 - Cannot read IP mode file for STMicroelectronics.X-CUBE-ALS.1.0.2
2025-09-05 16:07:24,386 [WARN] PackLoader:240 - Cannot read IP mode file for STMicroelectronics.X-CUBE-AZRTOS-WL.1.0.0
2025-09-05 16:07:24,396 [WARN] PackLoader:240 - Cannot read IP mode file for STMicroelectronics.X-CUBE-STSE01.1.0.0
2025-09-05 16:07:24,438 [WARN] PackLoader:240 - Cannot read IP mode file for portGmbH.I-Cube-SoM-uGOAL.1.1.0
2025-09-05 16:07:24,461 [WARN] PackLoader:240 - Cannot read IP mode file for STMicroelectronics.X-CUBE-ALS.1.0.1
2025-09-05 16:07:24,498 [WARN] PackLoader:240 - Cannot read IP mode file for STMicroelectronics.X-CUBE-AZRTOS-WB.1.1.0
2025-09-05 16:07:24,530 [WARN] PackLoader:240 - Cannot read IP mode file for STMicroelectronics.X-CUBE-TOF1.3.4.3
2025-09-05 16:07:24,540 [INFO] ThirdParty:978 - Integrity check success = true
2025-09-05 16:07:24,541 [INFO] IntegrityCheckThread:100 - exiting critical section [integrity check]
2025-09-05 16:07:24,541 [INFO] IntegrityCheckThread:103 - End integrity checks thread
