2025-09-04 18:51:02,551 [INFO] Activator:176 - 


2025-09-04 18:51:02,556 [INFO] Activator:177 - !SESSION log4j initialized
2025-09-04 18:51:10,919 [INFO] LogOutputStream:77 - [STDOUT_REDIRECT] 
2025-09-04 18:51:12,570 [INFO] ApplicationProperties:184 - Using Application install path: D:\Programy\STM32CubeIDE_1.19.0\STM32CubeIDE\plugins\com.st.stm32cube.common.mx_6.15.0.202507011659
2025-09-04 18:51:12,599 [INFO] DbMcusXml:78 - Set database path to: D:\Programy\STM32CubeIDE_1.19.0\STM32CubeIDE\plugins\com.st.stm32cube.common.mx_6.15.0.202507011659\\db\/mcu/
2025-09-04 18:51:12,600 [INFO] ApiDb:274 - Set plugin database path to: D:\Programy\STM32CubeIDE_1.19.0\STM32CubeIDE\plugins\com.st.stm32cube.common.mx_6.15.0.202507011659\\db\/plugins/boardmanager/
2025-09-04 18:51:12,600 [WARN] ApiDb:259 - Overriding images path with different value:  => D:\Programy\STM32CubeIDE_1.19.0\STM32CubeIDE\plugins\com.st.stm32cube.common.mx_6.15.0.202507011659\\db\/plugins/mcufinder/images/
2025-09-04 18:51:12,618 [INFO] ApiDb:250 - Set database path to: C:\Users\kujon\.stmcufinder\plugins\mcufinder//mcu/
2025-09-04 18:51:12,620 [INFO] DbMcusAds:125 - Set database path to: C:\Users\kujon\.stmcufinder\plugins\mcufinder//mcu/
2025-09-04 18:51:12,625 [INFO] CrossReferenceDbSqlite:203 - Set database path to: C:\Users\kujon\.stmcufinder\plugins\mcufinder//mcu/cs/
2025-09-04 18:51:12,840 [INFO] RulesReader:64 - Compatibility file has been processed (317 Rules)
2025-09-04 18:51:12,969 [INFO] DbMcusXml:78 - Set database path to: D:\Programy\STM32CubeIDE_1.19.0\STM32CubeIDE\plugins\com.st.stm32cube.common.mx_6.15.0.202507011659\\db\/mcu/
2025-09-04 18:51:12,970 [INFO] ApiDb:274 - Set plugin database path to: D:\Programy\STM32CubeIDE_1.19.0\STM32CubeIDE\plugins\com.st.stm32cube.common.mx_6.15.0.202507011659\\db\/plugins/boardmanager/
2025-09-04 18:51:12,970 [INFO] ApiDb:261 - Set plugin images path to: D:\Programy\STM32CubeIDE_1.19.0\STM32CubeIDE\plugins\com.st.stm32cube.common.mx_6.15.0.202507011659\\db\/plugins/mcufinder/images/
2025-09-04 18:51:12,970 [WARN] DbFile:41 - Overriding database path with different value: C:\Users\kujon\.stmcufinder\plugins\mcufinder/ => C:\Users\kujon\.stmcufinder\plugins\mcufinder
2025-09-04 18:51:12,970 [INFO] ApiDb:250 - Set database path to: C:\Users\kujon\.stmcufinder\plugins\mcufinder//mcu/
2025-09-04 18:51:12,971 [WARN] DbFile:41 - Overriding database path with different value: C:\Users\kujon\.stmcufinder\plugins\mcufinder/ => C:\Users\kujon\.stmcufinder\plugins\mcufinder
2025-09-04 18:51:12,971 [INFO] DbMcusAds:125 - Set database path to: C:\Users\kujon\.stmcufinder\plugins\mcufinder//mcu/
2025-09-04 18:51:12,971 [WARN] DbFile:41 - Overriding database path with different value: C:\Users\kujon\.stmcufinder\plugins\mcufinder/ => C:\Users\kujon\.stmcufinder\plugins\mcufinder
2025-09-04 18:51:12,971 [WARN] DbFile:41 - Overriding database path with different value: C:\Users\kujon\.stmcufinder\plugins\mcufinder/ => C:\Users\kujon\.stmcufinder\plugins\mcufinder
2025-09-04 18:51:12,971 [INFO] CrossReferenceDbSqlite:203 - Set database path to: C:\Users\kujon\.stmcufinder\plugins\mcufinder//mcu/cs/
2025-09-04 18:51:13,091 [INFO] MainPanel:274 - HeapMemory: 268435456
2025-09-04 18:51:13,242 [INFO] DbMcusXml:78 - Set database path to: D:\Programy\STM32CubeIDE_1.19.0\STM32CubeIDE\plugins\com.st.stm32cube.common.mx_6.15.0.202507011659\\db\/mcu/
2025-09-04 18:51:13,242 [INFO] ApiDb:274 - Set plugin database path to: D:\Programy\STM32CubeIDE_1.19.0\STM32CubeIDE\plugins\com.st.stm32cube.common.mx_6.15.0.202507011659\\db\/plugins/boardmanager/
2025-09-04 18:51:13,243 [INFO] ApiDb:261 - Set plugin images path to: D:\Programy\STM32CubeIDE_1.19.0\STM32CubeIDE\plugins\com.st.stm32cube.common.mx_6.15.0.202507011659\\db\/plugins/mcufinder/images/
2025-09-04 18:51:13,244 [WARN] DbFile:41 - Overriding database path with different value: C:\Users\kujon\.stmcufinder\plugins\mcufinder/ => C:\Users\kujon\.stmcufinder\plugins\mcufinder
2025-09-04 18:51:13,244 [INFO] ApiDb:250 - Set database path to: C:\Users\kujon\.stmcufinder\plugins\mcufinder//mcu/
2025-09-04 18:51:13,245 [WARN] DbFile:41 - Overriding database path with different value: C:\Users\kujon\.stmcufinder\plugins\mcufinder/ => C:\Users\kujon\.stmcufinder\plugins\mcufinder
2025-09-04 18:51:13,245 [INFO] DbMcusAds:125 - Set database path to: C:\Users\kujon\.stmcufinder\plugins\mcufinder//mcu/
2025-09-04 18:51:13,246 [WARN] DbFile:41 - Overriding database path with different value: C:\Users\kujon\.stmcufinder\plugins\mcufinder/ => C:\Users\kujon\.stmcufinder\plugins\mcufinder
2025-09-04 18:51:13,246 [WARN] DbFile:41 - Overriding database path with different value: C:\Users\kujon\.stmcufinder\plugins\mcufinder/ => C:\Users\kujon\.stmcufinder\plugins\mcufinder
2025-09-04 18:51:13,246 [INFO] CrossReferenceDbSqlite:203 - Set database path to: C:\Users\kujon\.stmcufinder\plugins\mcufinder//mcu/cs/
2025-09-04 18:51:13,271 [INFO] ApplicationProperties:184 - Using Application install path: D:\Programy\STM32CubeIDE_1.19.0\STM32CubeIDE\plugins\com.st.stm32cube.common.mx_6.15.0.202507011659
2025-09-04 18:51:13,272 [INFO] PluginManage:196 - Search for loadable plugins [exclusion list=, ]
2025-09-04 18:51:13,273 [INFO] PluginManage:310 - Check plugin analytics
2025-09-04 18:51:13,492 [INFO] AnalyticsPlugin:253 - Accepted Software Licenses: 
2025-09-04 18:51:13,492 [INFO] AnalyticsPlugin:255 - Accepted CMSIS Pack Licenses: 
2025-09-04 18:51:13,492 [INFO] AnalyticsPlugin:257 - Accepted Firmware Licenses: FW.L4.1.18.0
2025-09-04 18:51:13,495 [INFO] PluginManage:359 - Loaded plugin analytics (category:tool,tabindex:-1)
2025-09-04 18:51:13,495 [INFO] PluginManage:310 - Check plugin cadmodel
2025-09-04 18:51:13,520 [INFO] CADModel:105 - Init CAD model plugin
2025-09-04 18:51:13,520 [INFO] PluginManage:359 - Loaded plugin cadmodel (category:power,tabindex:5)
2025-09-04 18:51:13,521 [INFO] PluginManage:310 - Check plugin clock
2025-09-04 18:51:13,546 [INFO] PluginManage:359 - Loaded plugin clock (category:base,tabindex:2)
2025-09-04 18:51:13,546 [INFO] PluginManage:310 - Check plugin ddr
2025-09-04 18:51:13,548 [INFO] PluginManage:359 - Loaded plugin ddr (category:tool,tabindex:6)
2025-09-04 18:51:13,548 [INFO] PluginManage:310 - Check plugin filemanager
2025-09-04 18:51:13,708 [INFO] PluginManage:359 - Loaded plugin filemanager (category:base,tabindex:10)
2025-09-04 18:51:13,708 [INFO] PluginManage:310 - Check plugin ipmanager
2025-09-04 18:51:13,718 [INFO] PluginManage:359 - Loaded plugin ipmanager (category:base,tabindex:5)
2025-09-04 18:51:13,719 [INFO] PluginManage:310 - Check plugin lpbam
2025-09-04 18:51:13,739 [INFO] PluginManage:359 - Loaded plugin lpbam (category:base,tabindex:0)
2025-09-04 18:51:13,739 [INFO] PluginManage:310 - Check plugin memorymap
2025-09-04 18:51:13,770 [INFO] PluginManage:359 - Loaded plugin memorymap (category:base,tabindex:4)
2025-09-04 18:51:13,771 [INFO] PluginManage:310 - Check plugin pinoutandconfiguration
2025-09-04 18:51:13,795 [INFO] PluginManage:359 - Loaded plugin pinoutandconfiguration (category:base,tabindex:1)
2025-09-04 18:51:13,796 [INFO] PluginManage:310 - Check plugin pinoutconfig
2025-09-04 18:51:13,918 [WARN] SupportedApi:132 - Cannot load RTOS API schema: s4s-elt-must-match.1: The content of 'definitions' must match (annotation?, (simpleType | complexType)?, (unique | key | keyref)*)). A problem was found starting at: attribute.
2025-09-04 18:51:14,183 [INFO] PluginManage:359 - Loaded plugin pinoutconfig (category:base,tabindex:0)
2025-09-04 18:51:14,185 [INFO] PluginManage:310 - Check plugin power
2025-09-04 18:51:14,219 [INFO] PluginManage:359 - Loaded plugin power (category:power,tabindex:4)
2025-09-04 18:51:14,219 [INFO] PluginManage:310 - Check plugin projectmanager
2025-09-04 18:51:14,239 [INFO] PluginManage:359 - Loaded plugin projectmanager (category:projectmanager,tabindex:4)
2025-09-04 18:51:14,239 [INFO] PluginManage:310 - Check plugin rif
2025-09-04 18:51:14,269 [INFO] PluginManage:359 - Loaded plugin rif (category:base,tabindex:3)
2025-09-04 18:51:14,269 [INFO] PluginManage:310 - Check plugin thirdparty
2025-09-04 18:51:14,648 [INFO] PluginManage:359 - Loaded plugin thirdparty (category:base,tabindex:-1)
2025-09-04 18:51:14,648 [WARN] IntegrityCheckThread:84 - waiting for thirdparty lock release [integrity check]
2025-09-04 18:51:14,648 [INFO] PluginManage:310 - Check plugin tools
2025-09-04 18:51:14,648 [INFO] IntegrityCheckThread:86 - entering critical section [integrity check]
2025-09-04 18:51:14,649 [INFO] ThirdPartyUpdaterWithRetryManager:70 - Updater plugin not ready yet. [1/15]
2025-09-04 18:51:14,706 [INFO] PluginManage:359 - Loaded plugin tools (category:base,tabindex:7)
2025-09-04 18:51:14,706 [INFO] PluginManage:310 - Check plugin tutovideos
2025-09-04 18:51:14,966 [INFO] PluginManage:359 - Loaded plugin tutovideos (category:base,tabindex:-1)
2025-09-04 18:51:14,966 [INFO] PluginManage:310 - Check plugin updater
2025-09-04 18:51:14,988 [INFO] PluginManage:359 - Loaded plugin updater (category:base,tabindex:12)
2025-09-04 18:51:14,988 [INFO] PluginManage:310 - Check plugin userauth
2025-09-04 18:51:14,992 [INFO] UserAuth:118 - Init User Auth plugin
2025-09-04 18:51:14,994 [INFO] PluginManage:359 - Loaded plugin userauth (category:base,tabindex:14)
2025-09-04 18:51:14,995 [INFO] PluginManage:283 - PluginManage : Loaded plugins [18]
2025-09-04 18:51:15,247 [INFO] PinOutPanel:1589 - setPackage(No Configuration,No Configuration)
2025-09-04 18:51:15,348 [INFO] CADModel:165 - CPN selected for project level
2025-09-04 18:51:15,348 [INFO] CADModel:114 - Register for checkConnection events
2025-09-04 18:51:15,381 [INFO] IPUIPlugin:80 - create IPUIPlugin
2025-09-04 18:51:15,382 [INFO] PluginManager:220 - loadIPPluginJar : add adc
2025-09-04 18:51:15,435 [INFO] IPUIPlugin:80 - create IPUIPlugin
2025-09-04 18:51:15,435 [INFO] PluginManager:220 - loadIPPluginJar : add aes
2025-09-04 18:51:15,504 [INFO] IPUIPlugin:80 - create IPUIPlugin
2025-09-04 18:51:15,505 [INFO] PluginManager:220 - loadIPPluginJar : add can
2025-09-04 18:51:15,546 [INFO] IPUIPlugin:80 - create IPUIPlugin
2025-09-04 18:51:15,546 [INFO] PluginManager:220 - loadIPPluginJar : add comp
2025-09-04 18:51:15,595 [INFO] IPUIPlugin:80 - create IPUIPlugin
2025-09-04 18:51:15,596 [INFO] PluginManager:220 - loadIPPluginJar : add cryp
2025-09-04 18:51:15,615 [INFO] IPUIPlugin:80 - create IPUIPlugin
2025-09-04 18:51:15,615 [INFO] PluginManager:220 - loadIPPluginJar : add ddr_ctrl_phy
2025-09-04 18:51:15,659 [INFO] IPUIPlugin:80 - create IPUIPlugin
2025-09-04 18:51:15,659 [INFO] PluginManager:220 - loadIPPluginJar : add dfsdm
2025-09-04 18:51:15,680 [INFO] IPUIPlugin:80 - create IPUIPlugin
2025-09-04 18:51:15,681 [INFO] PluginManager:220 - loadIPPluginJar : add dma
2025-09-04 18:51:15,737 [INFO] IPUIPlugin:80 - create IPUIPlugin
2025-09-04 18:51:15,737 [INFO] PluginManager:220 - loadIPPluginJar : add dma3
2025-09-04 18:51:15,801 [INFO] IPUIPlugin:80 - create IPUIPlugin
2025-09-04 18:51:15,801 [INFO] PluginManager:220 - loadIPPluginJar : add extmemmanager
2025-09-04 18:51:15,833 [INFO] IPUIPlugin:80 - create IPUIPlugin
2025-09-04 18:51:15,833 [INFO] PluginManager:220 - loadIPPluginJar : add fatfs
2025-09-04 18:51:15,903 [INFO] IPUIPlugin:80 - create IPUIPlugin
2025-09-04 18:51:15,904 [INFO] PluginManager:220 - loadIPPluginJar : add fmc
2025-09-04 18:51:15,925 [INFO] IPUIPlugin:80 - create IPUIPlugin
2025-09-04 18:51:15,925 [INFO] PluginManager:220 - loadIPPluginJar : add freertos
2025-09-04 18:51:15,962 [INFO] IPUIPlugin:80 - create IPUIPlugin
2025-09-04 18:51:15,962 [INFO] PluginManager:220 - loadIPPluginJar : add genericplugin
2025-09-04 18:51:16,103 [INFO] IPUIPlugin:80 - create IPUIPlugin
2025-09-04 18:51:16,104 [INFO] PluginManager:220 - loadIPPluginJar : add gfxmmu
2025-09-04 18:51:16,306 [INFO] IPUIPlugin:80 - create IPUIPlugin
2025-09-04 18:51:16,306 [INFO] PluginManager:220 - loadIPPluginJar : add gic
2025-09-04 18:51:16,324 [INFO] IPUIPlugin:80 - create IPUIPlugin
2025-09-04 18:51:16,324 [INFO] PluginManager:220 - loadIPPluginJar : add gpio
2025-09-04 18:51:16,452 [INFO] IPUIPlugin:80 - create IPUIPlugin
2025-09-04 18:51:16,452 [INFO] PluginManager:220 - loadIPPluginJar : add gtzc
2025-09-04 18:51:16,501 [INFO] IPUIPlugin:80 - create IPUIPlugin
2025-09-04 18:51:16,501 [INFO] PluginManager:220 - loadIPPluginJar : add hash
2025-09-04 18:51:16,588 [INFO] IPUIPlugin:80 - create IPUIPlugin
2025-09-04 18:51:16,588 [INFO] PluginManager:220 - loadIPPluginJar : add i2c
2025-09-04 18:51:16,652 [INFO] IPUIPlugin:80 - create IPUIPlugin
2025-09-04 18:51:16,652 [INFO] PluginManager:220 - loadIPPluginJar : add i2s
2025-09-04 18:51:16,718 [INFO] IPUIPlugin:80 - create IPUIPlugin
2025-09-04 18:51:16,719 [INFO] PluginManager:220 - loadIPPluginJar : add i3c
2025-09-04 18:51:16,856 [INFO] IPUIPlugin:80 - create IPUIPlugin
2025-09-04 18:51:16,856 [INFO] PluginManager:220 - loadIPPluginJar : add ipddr
2025-09-04 18:51:17,015 [INFO] IPUIPlugin:80 - create IPUIPlugin
2025-09-04 18:51:17,015 [INFO] PluginManager:220 - loadIPPluginJar : add linkedlist
2025-09-04 18:51:17,070 [INFO] IPUIPlugin:80 - create IPUIPlugin
2025-09-04 18:51:17,070 [INFO] PluginManager:220 - loadIPPluginJar : add lorawan
2025-09-04 18:51:17,128 [INFO] IPUIPlugin:80 - create IPUIPlugin
2025-09-04 18:51:17,129 [INFO] PluginManager:220 - loadIPPluginJar : add ltdc
2025-09-04 18:51:17,148 [INFO] IPUIPlugin:80 - create IPUIPlugin
2025-09-04 18:51:17,148 [INFO] PluginManager:220 - loadIPPluginJar : add mdma
2025-09-04 18:51:17,169 [INFO] IPUIPlugin:80 - create IPUIPlugin
2025-09-04 18:51:17,169 [INFO] PluginManager:220 - loadIPPluginJar : add nvic
2025-09-04 18:51:17,233 [INFO] IPUIPlugin:80 - create IPUIPlugin
2025-09-04 18:51:17,233 [INFO] PluginManager:220 - loadIPPluginJar : add opamp
2025-09-04 18:51:17,328 [INFO] IPUIPlugin:80 - create IPUIPlugin
2025-09-04 18:51:17,329 [INFO] PluginManager:220 - loadIPPluginJar : add openamp
2025-09-04 18:51:17,392 [INFO] IPUIPlugin:80 - create IPUIPlugin
2025-09-04 18:51:17,392 [INFO] PluginManager:220 - loadIPPluginJar : add pdm2pcm
2025-09-04 18:51:17,410 [INFO] IPUIPlugin:80 - create IPUIPlugin
2025-09-04 18:51:17,413 [INFO] PluginManager:220 - loadIPPluginJar : add plateformsettings
2025-09-04 18:51:17,448 [INFO] IPUIPlugin:80 - create IPUIPlugin
2025-09-04 18:51:17,448 [INFO] PluginManager:220 - loadIPPluginJar : add quadspi
2025-09-04 18:51:17,488 [INFO] IPUIPlugin:80 - create IPUIPlugin
2025-09-04 18:51:17,490 [INFO] PluginManager:220 - loadIPPluginJar : add radio
2025-09-04 18:51:17,508 [INFO] IPUIPlugin:80 - create IPUIPlugin
2025-09-04 18:51:17,508 [INFO] PluginManager:220 - loadIPPluginJar : add resmgrutility
2025-09-04 18:51:17,575 [INFO] IPUIPlugin:80 - create IPUIPlugin
2025-09-04 18:51:17,575 [INFO] PluginManager:220 - loadIPPluginJar : add sai
2025-09-04 18:51:17,633 [INFO] IPUIPlugin:80 - create IPUIPlugin
2025-09-04 18:51:17,634 [INFO] PluginManager:220 - loadIPPluginJar : add spi
2025-09-04 18:51:17,650 [INFO] ThirdPartyUpdaterWithRetryManager:70 - Updater plugin not ready yet. [2/15]
2025-09-04 18:51:17,737 [INFO] IPUIPlugin:80 - create IPUIPlugin
2025-09-04 18:51:17,737 [INFO] PluginManager:220 - loadIPPluginJar : add stm32_wpan
2025-09-04 18:51:17,776 [INFO] IPUIPlugin:80 - create IPUIPlugin
2025-09-04 18:51:17,776 [INFO] PluginManager:220 - loadIPPluginJar : add tim
2025-09-04 18:51:17,866 [INFO] IPUIPlugin:80 - create IPUIPlugin
2025-09-04 18:51:17,867 [INFO] PluginManager:220 - loadIPPluginJar : add touchsensing
2025-09-04 18:51:17,901 [INFO] IPUIPlugin:80 - create IPUIPlugin
2025-09-04 18:51:17,901 [INFO] PluginManager:220 - loadIPPluginJar : add tracer_emb
2025-09-04 18:51:17,940 [INFO] IPUIPlugin:80 - create IPUIPlugin
2025-09-04 18:51:17,940 [INFO] PluginManager:220 - loadIPPluginJar : add ts
2025-09-04 18:51:17,979 [INFO] IPUIPlugin:80 - create IPUIPlugin
2025-09-04 18:51:17,979 [INFO] PluginManager:220 - loadIPPluginJar : add tsc
2025-09-04 18:51:18,014 [INFO] IPUIPlugin:80 - create IPUIPlugin
2025-09-04 18:51:18,014 [INFO] PluginManager:220 - loadIPPluginJar : add ucpd
2025-09-04 18:51:18,078 [INFO] IPUIPlugin:80 - create IPUIPlugin
2025-09-04 18:51:18,078 [INFO] PluginManager:220 - loadIPPluginJar : add usart
2025-09-04 18:51:18,143 [INFO] IPUIPlugin:80 - create IPUIPlugin
2025-09-04 18:51:18,143 [INFO] PluginManager:220 - loadIPPluginJar : add usbx
2025-09-04 18:51:18,287 [FATAL] Updater:351 - Updater called before beeing initialized
2025-09-04 18:51:18,319 [INFO] RulesReader:64 - Compatibility file has been processed (317 Rules)
2025-09-04 18:51:18,331 [INFO] RulesReader:64 - Compatibility file has been processed (317 Rules)
2025-09-04 18:51:18,339 [INFO] CADModel:165 - CPN selected for project level
2025-09-04 18:51:18,339 [INFO] CADModel:114 - Register for checkConnection events
2025-09-04 18:51:18,339 [FATAL] Updater:351 - Updater called before beeing initialized
2025-09-04 18:51:18,339 [ERROR] CADModel:125 - Updater not yet initialized, retry later 
2025-09-04 18:51:18,507 [FATAL] Updater:351 - Updater called before beeing initialized
2025-09-04 18:51:18,511 [INFO] CADModel:165 - CPN selected for project level
2025-09-04 18:51:18,511 [INFO] CADModel:114 - Register for checkConnection events
2025-09-04 18:51:18,511 [FATAL] Updater:351 - Updater called before beeing initialized
2025-09-04 18:51:18,511 [ERROR] CADModel:125 - Updater not yet initialized, retry later 
2025-09-04 18:51:18,515 [FATAL] Updater:351 - Updater called before beeing initialized
2025-09-04 18:51:18,652 [FATAL] Updater:351 - Updater called before beeing initialized
2025-09-04 18:51:18,666 [INFO] DbMcusAds:53 - JSON generation date=Tue Jul 08 10:14:23 CEST 2025 (1751962463582)
2025-09-04 18:51:18,666 [FATAL] Updater:351 - Updater called before beeing initialized
2025-09-04 18:51:18,768 [WARN] DetailPanel:346 - Failed to get advertising image, set to default
2025-09-04 18:51:18,898 [FATAL] Updater:351 - Updater called before beeing initialized
2025-09-04 18:51:18,901 [FATAL] Updater:351 - Updater called before beeing initialized
2025-09-04 18:51:18,901 [FATAL] Updater:351 - Updater called before beeing initialized
2025-09-04 18:51:18,901 [WARN] DetailPanel:346 - Failed to get advertising image, set to default
2025-09-04 18:51:18,902 [FATAL] Updater:351 - Updater called before beeing initialized
2025-09-04 18:51:18,967 [ERROR] Updater:1198 - MainUpdater not yet initialized. External WinMGr cannot be set.
2025-09-04 18:51:18,981 [INFO] Updater:1134 - Updater Version found : 6.15.0
2025-09-04 18:51:18,998 [INFO] ApplicationProperties:184 - Using Application install path: D:\Programy\STM32CubeIDE_1.19.0\STM32CubeIDE\plugins\com.st.stm32cube.common.mx_6.15.0.202507011659
2025-09-04 18:51:20,583 [ERROR] LogOutputStream:75 - [STDERR_REDIRECT] Sep 04, 2025 6:51:20 PM java.util.prefs.WindowsPreferences <init>
2025-09-04 18:51:20,584 [ERROR] LogOutputStream:75 - [STDERR_REDIRECT] WARNING: Could not open/create prefs root node Software\JavaSoft\Prefs at root 0xffffffff80000002. Windows RegCreateKeyEx(...) returned error code 5.
2025-09-04 18:51:20,584 [ERROR] LogOutputStream:75 - [STDERR_REDIRECT] 
2025-09-04 18:51:20,651 [INFO] ThirdPartyUpdaterWithRetryManager:70 - Updater plugin not ready yet. [3/15]
2025-09-04 18:51:20,959 [INFO] MainUpdater:2872 - connection check result : 10
2025-09-04 18:51:20,960 [INFO] MainUpdater:289 - Updater Check For Update Now.
2025-09-04 18:51:20,960 [INFO] MicroXplorer:498 - Change Database Version : DB.6.0.150
2025-09-04 18:51:20,983 [INFO] McuFinderGlobals:63 - Set McuFinder mode to 2 (CubeIDE integrated)
2025-09-04 18:51:20,998 [INFO] UserAuth:487 - Internet connection configuration mode: 1
2025-09-04 18:51:21,045 [INFO] JxBrowserEngine:152 - Initiate JxBrowser Engine with user profile folder
2025-09-04 18:51:21,199 [INFO] CheckServerUpdateThread:120 - End of CheckServer Thread
2025-09-04 18:51:23,099 [INFO] WebApp:169 - Instantiating new browser for Auth
2025-09-04 18:51:24,114 [WARN] PackLoader:240 - Cannot read IP mode file for STMicroelectronics.FP-SNS-MOTENVWB1.1.4.0
2025-09-04 18:51:24,156 [WARN] PackLoader:240 - Cannot read IP mode file for STMicroelectronics.FP-ATR-ASTRA1.2.0.2
2025-09-04 18:51:24,181 [INFO] WebApp:463 - Apply proxy settings
2025-09-04 18:51:24,182 [INFO] WebApp:548 - Chromium requires no authentication
2025-09-04 18:51:24,199 [WARN] PackLoader:240 - Cannot read IP mode file for STMicroelectronics.X-CUBE-SMBUS.2.1.0
2025-09-04 18:51:24,202 [INFO] WebApp:491 - Direct internet connection detected
2025-09-04 18:51:24,229 [WARN] PackLoader:240 - Cannot read IP mode file for STMicroelectronics.X-CUBE-ST60.1.0.0
2025-09-04 18:51:24,250 [INFO] WebApp:900 - Register for checkConnection events
2025-09-04 18:51:24,251 [INFO] WebApp:463 - Apply proxy settings
2025-09-04 18:51:24,251 [INFO] WebApp:548 - Chromium requires no authentication
2025-09-04 18:51:24,251 [INFO] WebApp:491 - Direct internet connection detected
2025-09-04 18:51:24,297 [WARN] PackLoader:240 - Cannot read IP mode file for STMicroelectronics.X-CUBE-AZRTOS-F7.1.1.0
2025-09-04 18:51:24,327 [WARN] PackLoader:240 - Cannot read IP mode file for STMicroelectronics.X-CUBE-BLE1.6.2.4
2025-09-04 18:51:24,354 [WARN] PackLoader:240 - Cannot read IP mode file for WES.I-CUBE-Cesium.1.4.0
2025-09-04 18:51:24,413 [WARN] PackLoader:240 - Cannot read IP mode file for Infineon.AIROC-Wi-Fi-Bluetooth-STM32.1.7.1
2025-09-04 18:51:24,438 [INFO] WebApp:191 - Connection restablished
2025-09-04 18:51:24,486 [WARN] PackLoader:240 - Cannot read IP mode file for STMicroelectronics.X-CUBE-AZRTOS-H7.3.4.0
2025-09-04 18:51:24,535 [WARN] PackLoader:240 - Cannot read IP mode file for STMicroelectronics.X-CUBE-DISPLAY.3.0.0
2025-09-04 18:51:24,573 [WARN] PackLoader:240 - Cannot read IP mode file for STMicroelectronics.X-CUBE-NFC10.1.0.0
2025-09-04 18:51:24,609 [WARN] PackLoader:240 - Cannot read IP mode file for emotas.I-CUBE-CANOPEN.1.3.0
2025-09-04 18:51:24,652 [WARN] PackLoader:240 - Cannot read IP mode file for STMicroelectronics.FP-SNS-STBOX1.2.1.0
2025-09-04 18:51:24,687 [WARN] PackLoader:240 - Cannot read IP mode file for STMicroelectronics.FP-SNS-SMARTAG2.1.2.0
2025-09-04 18:51:24,701 [INFO] WebApp:225 - Starting web application
2025-09-04 18:51:24,701 [INFO] WebApp:593 - Web application path used D:\Programy\STM32CubeIDE_1.19.0\STM32CubeIDE\plugins\com.st.stm32cube.common.mx_6.15.0.202507011659\db\plugins\mcufinder\reactClient1\index.html
2025-09-04 18:51:24,720 [WARN] PackLoader:240 - Cannot read IP mode file for STMicroelectronics.FP-SNS-FLIGHT1.5.1.0
2025-09-04 18:51:24,766 [INFO] LogOutputStream:77 - [STDOUT_REDIRECT] 1 : Invalid condition id : UX_CORESTACK_Condition cause : null
2025-09-04 18:51:24,768 [INFO] LogOutputStream:77 - [STDOUT_REDIRECT] 1 : Invalid condition id : UX_CORESTACK_Condition cause : null
2025-09-04 18:51:24,769 [INFO] LogOutputStream:77 - [STDOUT_REDIRECT] 1 : Invalid condition id : UX_CORESTACK_Condition cause : null
2025-09-04 18:51:24,771 [INFO] LogOutputStream:77 - [STDOUT_REDIRECT] 1 : Invalid condition id : UX_CORESTACK_Condition cause : null
2025-09-04 18:51:24,773 [INFO] LogOutputStream:77 - [STDOUT_REDIRECT] 1 : Invalid condition id : UX_CORESTACK_Condition cause : null
2025-09-04 18:51:24,777 [WARN] PackLoader:240 - Cannot read IP mode file for STMicroelectronics.X-CUBE-AZRTOS-WL.2.0.0
2025-09-04 18:51:24,804 [WARN] PackLoader:240 - Cannot read IP mode file for STMicroelectronics.FP-SNS-MOTENV1.5.0.0
2025-09-04 18:51:24,838 [WARN] PackLoader:240 - Cannot read IP mode file for STMicroelectronics.X-CUBE-BLE2.3.3.0
2025-09-04 18:51:24,885 [WARN] PackLoader:240 - Cannot read IP mode file for STMicroelectronics.X-CUBE-TOF1.3.2.0
2025-09-04 18:51:24,929 [WARN] PackLoader:240 - Cannot read IP mode file for STMicroelectronics.X-CUBE-NFC9.1.0.0
2025-09-04 18:51:24,963 [WARN] PackLoader:240 - Cannot read IP mode file for wolfSSL.I-CUBE-wolfSSL.5.8.2
2025-09-04 18:51:24,991 [INFO] UserAuth:487 - Internet connection configuration mode: 1
2025-09-04 18:51:25,001 [WARN] PackLoader:240 - Cannot read IP mode file for STMicroelectronics.X-CUBE-BLE1.7.1.0
2025-09-04 18:51:25,038 [WARN] PackLoader:240 - Cannot read IP mode file for wolfSSL.I-CUBE-wolfMQTT.1.19.2
2025-09-04 18:51:25,071 [WARN] PackLoader:240 - Cannot read IP mode file for STMicroelectronics.X-CUBE-EEPRMA1.5.2.0
2025-09-04 18:51:25,127 [WARN] PackLoader:240 - Cannot read IP mode file for STMicroelectronics.X-CUBE-TOUCHGFX.4.21.1
2025-09-04 18:51:25,156 [WARN] PackLoader:240 - Cannot read IP mode file for STMicroelectronics.X-CUBE-ALGOBUILD.1.3.0
2025-09-04 18:51:25,214 [WARN] PackLoader:240 - Cannot read IP mode file for STMicroelectronics.X-CUBE-AZRTOS-G0.1.1.0
2025-09-04 18:51:25,246 [WARN] PackLoader:240 - Cannot read IP mode file for STMicroelectronics.X-CUBE-SAFEA1.1.2.2
2025-09-04 18:51:25,272 [WARN] PackLoader:240 - Cannot read IP mode file for STMicroelectronics.X-CUBE-NFC4.3.0.0
2025-09-04 18:51:25,305 [WARN] PackLoader:240 - Cannot read IP mode file for EmbeddedOffice.I-CUBE-FS-RTOS.1.0.1
2025-09-04 18:51:25,337 [WARN] PackLoader:240 - Cannot read IP mode file for STMicroelectronics.X-CUBE-WB05N.2.0.0
2025-09-04 18:51:25,361 [WARN] PackLoader:240 - Cannot read IP mode file for wolfSSL.I-CUBE-wolfTPM.3.8.0
2025-09-04 18:51:25,388 [WARN] PackLoader:240 - Cannot read IP mode file for STMicroelectronics.X-CUBE-BLEMGR.1.3.0
2025-09-04 18:51:25,410 [WARN] PackLoader:240 - Cannot read IP mode file for STMicroelectronics.X-CUBE-TCPP.4.2.0
2025-09-04 18:51:25,431 [WARN] PackLoader:240 - Cannot read IP mode file for RealThread.X-CUBE-RT-Thread_Nano.4.1.1
2025-09-04 18:51:25,449 [WARN] PackLoader:240 - Cannot read IP mode file for STMicroelectronics.FP-ATR-SIGFOX1.3.2.0
2025-09-04 18:51:25,472 [WARN] PackLoader:240 - Cannot read IP mode file for ITTIA_DB.I-CUBE-ITTIADB.8.9.0
2025-09-04 18:51:25,523 [WARN] PackLoader:240 - Cannot read IP mode file for STMicroelectronics.X-CUBE-MEMS1.9.5.0
2025-09-04 18:51:25,671 [WARN] PackLoader:240 - Cannot read IP mode file for STMicroelectronics.X-CUBE-ST67W61.1.0.0
2025-09-04 18:51:25,747 [WARN] PackLoader:240 - Cannot read IP mode file for STMicroelectronics.X-CUBE-AI.10.2.0
2025-09-04 18:51:25,822 [WARN] PackLoader:240 - Cannot read IP mode file for SEGGER.I-CUBE-embOS.1.3.1
2025-09-04 18:51:25,887 [WARN] PackLoader:240 - Cannot read IP mode file for STMicroelectronics.X-CUBE-ALGOBUILD.1.4.0
2025-09-04 18:51:25,957 [WARN] PackLoader:240 - Cannot read IP mode file for STMicroelectronics.X-CUBE-MEMS1.11.3.0
2025-09-04 18:51:26,067 [WARN] PackLoader:240 - Cannot read IP mode file for STMicroelectronics.X-CUBE-PM33A1.1.0.0
2025-09-04 18:51:26,091 [WARN] PackLoader:240 - Cannot read IP mode file for STMicroelectronics.X-CUBE-GNSS1.6.0.0
2025-09-04 18:51:26,122 [WARN] PackLoader:240 - Cannot read IP mode file for STMicroelectronics.X-CUBE-AZRTOS-F4.1.1.0
2025-09-04 18:51:26,148 [WARN] PackLoader:240 - Cannot read IP mode file for Avnet-IotConnect.X-CUBE-IoTC-DA16k-PMOD.1.0.0
2025-09-04 18:51:26,169 [WARN] PackLoader:240 - Cannot read IP mode file for STMicroelectronics.X-CUBE-ISPU.2.1.0
2025-09-04 18:51:26,191 [WARN] PackLoader:240 - Cannot read IP mode file for STMicroelectronics.X-CUBE-NFC12.1.0.0
2025-09-04 18:51:26,231 [WARN] PackLoader:240 - Cannot read IP mode file for STMicroelectronics.X-CUBE-AZRTOS-L5.2.0.0
2025-09-04 18:51:26,255 [WARN] PackLoader:240 - Cannot read IP mode file for STMicroelectronics.X-CUBE-NFC6.3.1.0
2025-09-04 18:51:26,283 [WARN] PackLoader:240 - Cannot read IP mode file for emotas.I-CUBE-CANOPEN.1.1.3
2025-09-04 18:51:26,301 [WARN] PackLoader:240 - Cannot read IP mode file for wolfSSL.I-CUBE-wolfSSL.5.5.4
2025-09-04 18:51:26,319 [WARN] PackLoader:240 - Cannot read IP mode file for STMicroelectronics.X-CUBE-FREERTOS.1.3.1
2025-09-04 18:51:26,347 [WARN] PackLoader:240 - Cannot read IP mode file for STMicroelectronics.X-CUBE-NFC7.1.0.0
2025-09-04 18:51:26,368 [WARN] PackLoader:240 - Cannot read IP mode file for STMicroelectronics.X-CUBE-EEPRMA1.4.1.0
2025-09-04 18:51:26,389 [WARN] PackLoader:240 - Cannot read IP mode file for STMicroelectronics.FP-SNS-STAIOTCFT.1.0.0
2025-09-04 18:51:26,413 [WARN] PackLoader:240 - Cannot read IP mode file for STMicroelectronics.X-CUBE-DPower.1.3.0
2025-09-04 18:51:26,454 [WARN] ConditionMgr:438 - getConditionDescription Invalid condition id : LAN8742 Phy interface Condition cause : null
2025-09-04 18:51:26,454 [WARN] PackLoader:240 - Cannot read IP mode file for STMicroelectronics.X-CUBE-AZRTOS-L4.2.0.0
2025-09-04 18:51:26,455 [WARN] ConditionMgr:1044 - genDependencies : Invalid condition id : LAN8742 Phy interface Condition cause : null
2025-09-04 18:51:26,456 [WARN] ConditionMgr:1044 - genDependencies : Invalid condition id : LAN8742 Phy interface Condition cause : null
2025-09-04 18:51:26,456 [WARN] ConditionMgr:1044 - genDependencies : Invalid condition id : LAN8742 Phy interface Condition cause : null
2025-09-04 18:51:26,479 [WARN] PackLoader:240 - Cannot read IP mode file for STMicroelectronics.X-CUBE-SFXS2LP1.4.0.0
2025-09-04 18:51:26,514 [WARN] PackLoader:240 - Cannot read IP mode file for STMicroelectronics.X-CUBE-AZRTOS-H7.3.0.0
2025-09-04 18:51:26,535 [WARN] PackLoader:240 - Cannot read IP mode file for STMicroelectronics.X-CUBE-ISPU.1.1.0
2025-09-04 18:51:26,556 [WARN] PackLoader:240 - Cannot read IP mode file for RoweBots.I-CUBE-UNISONRTOS.5.5.0-4
2025-09-04 18:51:26,579 [WARN] PackLoader:240 - Cannot read IP mode file for STMicroelectronics.X-CUBE-BLEMGR.4.1.0
2025-09-04 18:51:26,600 [WARN] PackLoader:240 - Cannot read IP mode file for STMicroelectronics.X-CUBE-AI.8.0.0
2025-09-04 18:51:26,631 [WARN] ConditionMgr:438 - getConditionDescription Invalid condition id : UX DEVICE CLASS RTOS Condition cause : null
2025-09-04 18:51:26,631 [WARN] ConditionMgr:438 - getConditionDescription Invalid condition id : UX DEVICE CLASS RTOS Condition cause : null
2025-09-04 18:51:26,632 [WARN] PackLoader:240 - Cannot read IP mode file for STMicroelectronics.X-CUBE-AZRTOS-WB.2.0.0
2025-09-04 18:51:26,633 [WARN] ConditionMgr:1044 - genDependencies : Invalid condition id : UX DEVICE CLASS RTOS Condition cause : null
2025-09-04 18:51:26,633 [WARN] ConditionMgr:1044 - genDependencies : Invalid condition id : UX DEVICE CLASS RTOS Condition cause : null
2025-09-04 18:51:26,633 [WARN] ConditionMgr:1044 - genDependencies : Invalid condition id : UX DEVICE CLASS RTOS Condition cause : null
2025-09-04 18:51:26,633 [WARN] ConditionMgr:1044 - genDependencies : Invalid condition id : UX DEVICE CLASS RTOS Condition cause : null
2025-09-04 18:51:26,633 [WARN] ConditionMgr:1044 - genDependencies : Invalid condition id : UX DEVICE CLASS RTOS Condition cause : null
2025-09-04 18:51:26,653 [WARN] PackLoader:240 - Cannot read IP mode file for STMicroelectronics.X-CUBE-GNSS1.7.0.1
2025-09-04 18:51:26,674 [WARN] PackLoader:240 - Cannot read IP mode file for STMicroelectronics.X-CUBE-TOUCHGFX.4.25.0
2025-09-04 18:51:26,698 [WARN] ConditionMgr:438 - getConditionDescription Invalid condition id : Cortex-A Device cause : null
2025-09-04 18:51:26,728 [WARN] ConditionMgr:1044 - genDependencies : Invalid condition id : Cortex-A Device cause : null
2025-09-04 18:51:26,729 [WARN] ConditionMgr:1044 - genDependencies : Invalid condition id : Cortex-A Device cause : null
2025-09-04 18:51:26,729 [WARN] ConditionMgr:1044 - genDependencies : Invalid condition id : Cortex-A Device cause : null
2025-09-04 18:51:26,758 [WARN] PackLoader:240 - Cannot read IP mode file for STMicroelectronics.X-CUBE-AZRTOS-L5.1.1.0
2025-09-04 18:51:26,784 [WARN] PackLoader:240 - Cannot read IP mode file for STMicroelectronics.X-CUBE-SUBG2.5.0.0
2025-09-04 18:51:26,823 [WARN] PackLoader:240 - Cannot read IP mode file for STMicroelectronics.X-CUBE-AZRTOS-H7RS.1.1.0
2025-09-04 18:51:26,843 [WARN] PackLoader:240 - Cannot read IP mode file for Cesanta.I-CUBE-Mongoose.7.13.0
2025-09-04 18:51:26,868 [WARN] PackLoader:240 - Cannot read IP mode file for STMicroelectronics.X-CUBE-AZRTOS-G4.2.0.0
2025-09-04 18:51:26,884 [WARN] PackLoader:240 - Cannot read IP mode file for STMicroelectronics.FP-ATR-ASTRA1.1.1.1
2025-09-04 18:51:26,903 [WARN] PackLoader:240 - Cannot read IP mode file for wolfSSL.I-CUBE-wolfSSH.1.4.20
2025-09-04 18:51:26,919 [WARN] PackLoader:240 - Cannot read IP mode file for STMicroelectronics.X-CUBE-NFC7.2.0.0
2025-09-04 18:51:26,946 [WARN] PackLoader:240 - Cannot read IP mode file for STMicroelectronics.X-CUBE-AZRTOS-G4.1.0.0
2025-09-04 18:51:26,977 [WARN] PackLoader:240 - Cannot read IP mode file for STMicroelectronics.X-CUBE-AZRTOS-L4.1.0.0
2025-09-04 18:51:27,004 [WARN] PackLoader:240 - Cannot read IP mode file for STMicroelectronics.X-CUBE-IPS.3.1.0
2025-09-04 18:51:27,024 [WARN] PackLoader:240 - Cannot read IP mode file for STMicroelectronics.X-CUBE-ALS.1.0.2
2025-09-04 18:51:27,049 [WARN] PackLoader:240 - Cannot read IP mode file for STMicroelectronics.X-CUBE-AZRTOS-WL.1.0.0
2025-09-04 18:51:27,070 [WARN] PackLoader:240 - Cannot read IP mode file for portGmbH.I-Cube-SoM-uGOAL.1.1.0
2025-09-04 18:51:27,086 [WARN] PackLoader:240 - Cannot read IP mode file for STMicroelectronics.X-CUBE-ALS.1.0.1
2025-09-04 18:51:27,120 [WARN] PackLoader:240 - Cannot read IP mode file for STMicroelectronics.X-CUBE-AZRTOS-WB.1.1.0
2025-09-04 18:51:27,147 [WARN] PackLoader:240 - Cannot read IP mode file for STMicroelectronics.X-CUBE-TOF1.3.4.3
2025-09-04 18:51:27,164 [INFO] ThirdParty:978 - Integrity check success = true
2025-09-04 18:51:27,164 [INFO] IntegrityCheckThread:100 - exiting critical section [integrity check]
2025-09-04 18:51:27,164 [INFO] IntegrityCheckThread:103 - End integrity checks thread
2025-09-04 21:42:02,213 [ERROR] LogOutputStream:75 - [STDERR_REDIRECT] 
