2025-09-07 12:03:21,229 [ERROR] LogOutputStream:75 - [STDERR_REDIRECT] 
2025-09-07 12:03:58,685 [INFO] Activator:176 - 


2025-09-07 12:03:58,687 [INFO] Activator:177 - !SESSION log4j initialized
2025-09-07 12:04:07,556 [INFO] LogOutputStream:77 - [STDOUT_REDIRECT] 
2025-09-07 12:04:09,283 [INFO] ApplicationProperties:184 - Using Application install path: D:\Programy\STM32CubeIDE_1.19.0\STM32CubeIDE\plugins\com.st.stm32cube.common.mx_6.15.0.202507011659
2025-09-07 12:04:09,301 [INFO] DbMcusXml:78 - Set database path to: D:\Programy\STM32CubeIDE_1.19.0\STM32CubeIDE\plugins\com.st.stm32cube.common.mx_6.15.0.202507011659\\db\/mcu/
2025-09-07 12:04:09,301 [INFO] ApiDb:274 - Set plugin database path to: D:\Programy\STM32CubeIDE_1.19.0\STM32CubeIDE\plugins\com.st.stm32cube.common.mx_6.15.0.202507011659\\db\/plugins/boardmanager/
2025-09-07 12:04:09,302 [WARN] ApiDb:259 - Overriding images path with different value:  => D:\Programy\STM32CubeIDE_1.19.0\STM32CubeIDE\plugins\com.st.stm32cube.common.mx_6.15.0.202507011659\\db\/plugins/mcufinder/images/
2025-09-07 12:04:09,308 [INFO] ApiDb:250 - Set database path to: C:\Users\kujon\.stmcufinder\plugins\mcufinder//mcu/
2025-09-07 12:04:09,309 [INFO] DbMcusAds:125 - Set database path to: C:\Users\kujon\.stmcufinder\plugins\mcufinder//mcu/
2025-09-07 12:04:09,311 [INFO] CrossReferenceDbSqlite:203 - Set database path to: C:\Users\kujon\.stmcufinder\plugins\mcufinder//mcu/cs/
2025-09-07 12:04:09,447 [INFO] RulesReader:64 - Compatibility file has been processed (317 Rules)
2025-09-07 12:04:09,565 [INFO] DbMcusXml:78 - Set database path to: D:\Programy\STM32CubeIDE_1.19.0\STM32CubeIDE\plugins\com.st.stm32cube.common.mx_6.15.0.202507011659\\db\/mcu/
2025-09-07 12:04:09,566 [INFO] ApiDb:274 - Set plugin database path to: D:\Programy\STM32CubeIDE_1.19.0\STM32CubeIDE\plugins\com.st.stm32cube.common.mx_6.15.0.202507011659\\db\/plugins/boardmanager/
2025-09-07 12:04:09,566 [INFO] ApiDb:261 - Set plugin images path to: D:\Programy\STM32CubeIDE_1.19.0\STM32CubeIDE\plugins\com.st.stm32cube.common.mx_6.15.0.202507011659\\db\/plugins/mcufinder/images/
2025-09-07 12:04:09,566 [WARN] DbFile:41 - Overriding database path with different value: C:\Users\kujon\.stmcufinder\plugins\mcufinder/ => C:\Users\kujon\.stmcufinder\plugins\mcufinder
2025-09-07 12:04:09,566 [INFO] ApiDb:250 - Set database path to: C:\Users\kujon\.stmcufinder\plugins\mcufinder//mcu/
2025-09-07 12:04:09,566 [WARN] DbFile:41 - Overriding database path with different value: C:\Users\kujon\.stmcufinder\plugins\mcufinder/ => C:\Users\kujon\.stmcufinder\plugins\mcufinder
2025-09-07 12:04:09,566 [INFO] DbMcusAds:125 - Set database path to: C:\Users\kujon\.stmcufinder\plugins\mcufinder//mcu/
2025-09-07 12:04:09,566 [WARN] DbFile:41 - Overriding database path with different value: C:\Users\kujon\.stmcufinder\plugins\mcufinder/ => C:\Users\kujon\.stmcufinder\plugins\mcufinder
2025-09-07 12:04:09,566 [WARN] DbFile:41 - Overriding database path with different value: C:\Users\kujon\.stmcufinder\plugins\mcufinder/ => C:\Users\kujon\.stmcufinder\plugins\mcufinder
2025-09-07 12:04:09,567 [INFO] CrossReferenceDbSqlite:203 - Set database path to: C:\Users\kujon\.stmcufinder\plugins\mcufinder//mcu/cs/
2025-09-07 12:04:09,661 [INFO] MainPanel:274 - HeapMemory: 268435456
2025-09-07 12:04:09,779 [INFO] DbMcusXml:78 - Set database path to: D:\Programy\STM32CubeIDE_1.19.0\STM32CubeIDE\plugins\com.st.stm32cube.common.mx_6.15.0.202507011659\\db\/mcu/
2025-09-07 12:04:09,779 [INFO] ApiDb:274 - Set plugin database path to: D:\Programy\STM32CubeIDE_1.19.0\STM32CubeIDE\plugins\com.st.stm32cube.common.mx_6.15.0.202507011659\\db\/plugins/boardmanager/
2025-09-07 12:04:09,779 [INFO] ApiDb:261 - Set plugin images path to: D:\Programy\STM32CubeIDE_1.19.0\STM32CubeIDE\plugins\com.st.stm32cube.common.mx_6.15.0.202507011659\\db\/plugins/mcufinder/images/
2025-09-07 12:04:09,780 [WARN] DbFile:41 - Overriding database path with different value: C:\Users\kujon\.stmcufinder\plugins\mcufinder/ => C:\Users\kujon\.stmcufinder\plugins\mcufinder
2025-09-07 12:04:09,780 [INFO] ApiDb:250 - Set database path to: C:\Users\kujon\.stmcufinder\plugins\mcufinder//mcu/
2025-09-07 12:04:09,780 [WARN] DbFile:41 - Overriding database path with different value: C:\Users\kujon\.stmcufinder\plugins\mcufinder/ => C:\Users\kujon\.stmcufinder\plugins\mcufinder
2025-09-07 12:04:09,780 [INFO] DbMcusAds:125 - Set database path to: C:\Users\kujon\.stmcufinder\plugins\mcufinder//mcu/
2025-09-07 12:04:09,780 [WARN] DbFile:41 - Overriding database path with different value: C:\Users\kujon\.stmcufinder\plugins\mcufinder/ => C:\Users\kujon\.stmcufinder\plugins\mcufinder
2025-09-07 12:04:09,780 [WARN] DbFile:41 - Overriding database path with different value: C:\Users\kujon\.stmcufinder\plugins\mcufinder/ => C:\Users\kujon\.stmcufinder\plugins\mcufinder
2025-09-07 12:04:09,780 [INFO] CrossReferenceDbSqlite:203 - Set database path to: C:\Users\kujon\.stmcufinder\plugins\mcufinder//mcu/cs/
2025-09-07 12:04:09,799 [INFO] ApplicationProperties:184 - Using Application install path: D:\Programy\STM32CubeIDE_1.19.0\STM32CubeIDE\plugins\com.st.stm32cube.common.mx_6.15.0.202507011659
2025-09-07 12:04:09,801 [INFO] PluginManage:196 - Search for loadable plugins [exclusion list=, ]
2025-09-07 12:04:09,803 [INFO] PluginManage:310 - Check plugin analytics
2025-09-07 12:04:09,986 [INFO] AnalyticsPlugin:253 - Accepted Software Licenses: 
2025-09-07 12:04:09,986 [INFO] AnalyticsPlugin:255 - Accepted CMSIS Pack Licenses: 
2025-09-07 12:04:09,986 [INFO] AnalyticsPlugin:257 - Accepted Firmware Licenses: FW.L4.1.18.0
2025-09-07 12:04:09,988 [INFO] PluginManage:359 - Loaded plugin analytics (category:tool,tabindex:-1)
2025-09-07 12:04:09,990 [INFO] PluginManage:310 - Check plugin cadmodel
2025-09-07 12:04:10,009 [INFO] CADModel:105 - Init CAD model plugin
2025-09-07 12:04:10,009 [INFO] PluginManage:359 - Loaded plugin cadmodel (category:power,tabindex:5)
2025-09-07 12:04:10,009 [INFO] PluginManage:310 - Check plugin clock
2025-09-07 12:04:10,033 [INFO] PluginManage:359 - Loaded plugin clock (category:base,tabindex:2)
2025-09-07 12:04:10,033 [INFO] PluginManage:310 - Check plugin ddr
2025-09-07 12:04:10,037 [INFO] PluginManage:359 - Loaded plugin ddr (category:tool,tabindex:6)
2025-09-07 12:04:10,037 [INFO] PluginManage:310 - Check plugin filemanager
2025-09-07 12:04:10,181 [INFO] PluginManage:359 - Loaded plugin filemanager (category:base,tabindex:10)
2025-09-07 12:04:10,183 [INFO] PluginManage:310 - Check plugin ipmanager
2025-09-07 12:04:10,190 [INFO] PluginManage:359 - Loaded plugin ipmanager (category:base,tabindex:5)
2025-09-07 12:04:10,190 [INFO] PluginManage:310 - Check plugin lpbam
2025-09-07 12:04:10,208 [INFO] PluginManage:359 - Loaded plugin lpbam (category:base,tabindex:0)
2025-09-07 12:04:10,208 [INFO] PluginManage:310 - Check plugin memorymap
2025-09-07 12:04:10,237 [INFO] PluginManage:359 - Loaded plugin memorymap (category:base,tabindex:4)
2025-09-07 12:04:10,237 [INFO] PluginManage:310 - Check plugin pinoutandconfiguration
2025-09-07 12:04:10,258 [INFO] PluginManage:359 - Loaded plugin pinoutandconfiguration (category:base,tabindex:1)
2025-09-07 12:04:10,259 [INFO] PluginManage:310 - Check plugin pinoutconfig
2025-09-07 12:04:10,365 [WARN] SupportedApi:132 - Cannot load RTOS API schema: s4s-elt-must-match.1: The content of 'definitions' must match (annotation?, (simpleType | complexType)?, (unique | key | keyref)*)). A problem was found starting at: attribute.
2025-09-07 12:04:10,510 [INFO] PluginManage:359 - Loaded plugin pinoutconfig (category:base,tabindex:0)
2025-09-07 12:04:10,511 [INFO] PluginManage:310 - Check plugin power
2025-09-07 12:04:10,534 [INFO] PluginManage:359 - Loaded plugin power (category:power,tabindex:4)
2025-09-07 12:04:10,535 [INFO] PluginManage:310 - Check plugin projectmanager
2025-09-07 12:04:10,552 [INFO] PluginManage:359 - Loaded plugin projectmanager (category:projectmanager,tabindex:4)
2025-09-07 12:04:10,552 [INFO] PluginManage:310 - Check plugin rif
2025-09-07 12:04:10,577 [INFO] PluginManage:359 - Loaded plugin rif (category:base,tabindex:3)
2025-09-07 12:04:10,577 [INFO] PluginManage:310 - Check plugin thirdparty
2025-09-07 12:04:10,917 [INFO] PluginManage:359 - Loaded plugin thirdparty (category:base,tabindex:-1)
2025-09-07 12:04:10,919 [INFO] PluginManage:310 - Check plugin tools
2025-09-07 12:04:10,917 [WARN] IntegrityCheckThread:84 - waiting for thirdparty lock release [integrity check]
2025-09-07 12:04:10,919 [INFO] IntegrityCheckThread:86 - entering critical section [integrity check]
2025-09-07 12:04:10,919 [INFO] ThirdPartyUpdaterWithRetryManager:70 - Updater plugin not ready yet. [1/15]
2025-09-07 12:04:10,968 [INFO] PluginManage:359 - Loaded plugin tools (category:base,tabindex:7)
2025-09-07 12:04:10,969 [INFO] PluginManage:310 - Check plugin tutovideos
2025-09-07 12:04:11,203 [INFO] PluginManage:359 - Loaded plugin tutovideos (category:base,tabindex:-1)
2025-09-07 12:04:11,203 [INFO] PluginManage:310 - Check plugin updater
2025-09-07 12:04:11,221 [INFO] PluginManage:359 - Loaded plugin updater (category:base,tabindex:12)
2025-09-07 12:04:11,221 [INFO] PluginManage:310 - Check plugin userauth
2025-09-07 12:04:11,225 [INFO] UserAuth:118 - Init User Auth plugin
2025-09-07 12:04:11,226 [INFO] PluginManage:359 - Loaded plugin userauth (category:base,tabindex:14)
2025-09-07 12:04:11,226 [INFO] PluginManage:283 - PluginManage : Loaded plugins [18]
2025-09-07 12:04:11,464 [INFO] PinOutPanel:1589 - setPackage(No Configuration,No Configuration)
2025-09-07 12:04:11,570 [INFO] CADModel:165 - CPN selected for project level
2025-09-07 12:04:11,570 [INFO] CADModel:114 - Register for checkConnection events
2025-09-07 12:04:11,604 [INFO] IPUIPlugin:80 - create IPUIPlugin
2025-09-07 12:04:11,605 [INFO] PluginManager:220 - loadIPPluginJar : add adc
2025-09-07 12:04:11,663 [INFO] IPUIPlugin:80 - create IPUIPlugin
2025-09-07 12:04:11,664 [INFO] PluginManager:220 - loadIPPluginJar : add aes
2025-09-07 12:04:11,728 [INFO] IPUIPlugin:80 - create IPUIPlugin
2025-09-07 12:04:11,728 [INFO] PluginManager:220 - loadIPPluginJar : add can
2025-09-07 12:04:11,767 [INFO] IPUIPlugin:80 - create IPUIPlugin
2025-09-07 12:04:11,768 [INFO] PluginManager:220 - loadIPPluginJar : add comp
2025-09-07 12:04:11,818 [INFO] IPUIPlugin:80 - create IPUIPlugin
2025-09-07 12:04:11,819 [INFO] PluginManager:220 - loadIPPluginJar : add cryp
2025-09-07 12:04:11,834 [INFO] IPUIPlugin:80 - create IPUIPlugin
2025-09-07 12:04:11,834 [INFO] PluginManager:220 - loadIPPluginJar : add ddr_ctrl_phy
2025-09-07 12:04:11,878 [INFO] IPUIPlugin:80 - create IPUIPlugin
2025-09-07 12:04:11,878 [INFO] PluginManager:220 - loadIPPluginJar : add dfsdm
2025-09-07 12:04:11,895 [INFO] IPUIPlugin:80 - create IPUIPlugin
2025-09-07 12:04:11,895 [INFO] PluginManager:220 - loadIPPluginJar : add dma
2025-09-07 12:04:11,949 [INFO] IPUIPlugin:80 - create IPUIPlugin
2025-09-07 12:04:11,949 [INFO] PluginManager:220 - loadIPPluginJar : add dma3
2025-09-07 12:04:12,007 [INFO] IPUIPlugin:80 - create IPUIPlugin
2025-09-07 12:04:12,007 [INFO] PluginManager:220 - loadIPPluginJar : add extmemmanager
2025-09-07 12:04:12,036 [INFO] IPUIPlugin:80 - create IPUIPlugin
2025-09-07 12:04:12,036 [INFO] PluginManager:220 - loadIPPluginJar : add fatfs
2025-09-07 12:04:12,099 [INFO] IPUIPlugin:80 - create IPUIPlugin
2025-09-07 12:04:12,099 [INFO] PluginManager:220 - loadIPPluginJar : add fmc
2025-09-07 12:04:12,117 [INFO] IPUIPlugin:80 - create IPUIPlugin
2025-09-07 12:04:12,117 [INFO] PluginManager:220 - loadIPPluginJar : add freertos
2025-09-07 12:04:12,157 [INFO] IPUIPlugin:80 - create IPUIPlugin
2025-09-07 12:04:12,157 [INFO] PluginManager:220 - loadIPPluginJar : add genericplugin
2025-09-07 12:04:12,316 [INFO] IPUIPlugin:80 - create IPUIPlugin
2025-09-07 12:04:12,316 [INFO] PluginManager:220 - loadIPPluginJar : add gfxmmu
2025-09-07 12:04:12,498 [INFO] IPUIPlugin:80 - create IPUIPlugin
2025-09-07 12:04:12,498 [INFO] PluginManager:220 - loadIPPluginJar : add gic
2025-09-07 12:04:12,514 [INFO] IPUIPlugin:80 - create IPUIPlugin
2025-09-07 12:04:12,514 [INFO] PluginManager:220 - loadIPPluginJar : add gpio
2025-09-07 12:04:12,636 [INFO] IPUIPlugin:80 - create IPUIPlugin
2025-09-07 12:04:12,636 [INFO] PluginManager:220 - loadIPPluginJar : add gtzc
2025-09-07 12:04:12,682 [INFO] IPUIPlugin:80 - create IPUIPlugin
2025-09-07 12:04:12,682 [INFO] PluginManager:220 - loadIPPluginJar : add hash
2025-09-07 12:04:12,756 [INFO] IPUIPlugin:80 - create IPUIPlugin
2025-09-07 12:04:12,757 [INFO] PluginManager:220 - loadIPPluginJar : add i2c
2025-09-07 12:04:12,810 [INFO] IPUIPlugin:80 - create IPUIPlugin
2025-09-07 12:04:12,810 [INFO] PluginManager:220 - loadIPPluginJar : add i2s
2025-09-07 12:04:12,871 [INFO] IPUIPlugin:80 - create IPUIPlugin
2025-09-07 12:04:12,871 [INFO] PluginManager:220 - loadIPPluginJar : add i3c
2025-09-07 12:04:13,010 [INFO] IPUIPlugin:80 - create IPUIPlugin
2025-09-07 12:04:13,010 [INFO] PluginManager:220 - loadIPPluginJar : add ipddr
2025-09-07 12:04:13,135 [INFO] IPUIPlugin:80 - create IPUIPlugin
2025-09-07 12:04:13,135 [INFO] PluginManager:220 - loadIPPluginJar : add linkedlist
2025-09-07 12:04:13,185 [INFO] IPUIPlugin:80 - create IPUIPlugin
2025-09-07 12:04:13,185 [INFO] PluginManager:220 - loadIPPluginJar : add lorawan
2025-09-07 12:04:13,238 [INFO] IPUIPlugin:80 - create IPUIPlugin
2025-09-07 12:04:13,238 [INFO] PluginManager:220 - loadIPPluginJar : add ltdc
2025-09-07 12:04:13,255 [INFO] IPUIPlugin:80 - create IPUIPlugin
2025-09-07 12:04:13,255 [INFO] PluginManager:220 - loadIPPluginJar : add mdma
2025-09-07 12:04:13,272 [INFO] IPUIPlugin:80 - create IPUIPlugin
2025-09-07 12:04:13,274 [INFO] PluginManager:220 - loadIPPluginJar : add nvic
2025-09-07 12:04:13,334 [INFO] IPUIPlugin:80 - create IPUIPlugin
2025-09-07 12:04:13,334 [INFO] PluginManager:220 - loadIPPluginJar : add opamp
2025-09-07 12:04:13,440 [INFO] IPUIPlugin:80 - create IPUIPlugin
2025-09-07 12:04:13,441 [INFO] PluginManager:220 - loadIPPluginJar : add openamp
2025-09-07 12:04:13,517 [INFO] IPUIPlugin:80 - create IPUIPlugin
2025-09-07 12:04:13,517 [INFO] PluginManager:220 - loadIPPluginJar : add pdm2pcm
2025-09-07 12:04:13,538 [INFO] IPUIPlugin:80 - create IPUIPlugin
2025-09-07 12:04:13,541 [INFO] PluginManager:220 - loadIPPluginJar : add plateformsettings
2025-09-07 12:04:13,585 [INFO] IPUIPlugin:80 - create IPUIPlugin
2025-09-07 12:04:13,585 [INFO] PluginManager:220 - loadIPPluginJar : add quadspi
2025-09-07 12:04:13,650 [INFO] IPUIPlugin:80 - create IPUIPlugin
2025-09-07 12:04:13,652 [INFO] PluginManager:220 - loadIPPluginJar : add radio
2025-09-07 12:04:13,676 [INFO] IPUIPlugin:80 - create IPUIPlugin
2025-09-07 12:04:13,676 [INFO] PluginManager:220 - loadIPPluginJar : add resmgrutility
2025-09-07 12:04:13,793 [INFO] IPUIPlugin:80 - create IPUIPlugin
2025-09-07 12:04:13,793 [INFO] PluginManager:220 - loadIPPluginJar : add sai
2025-09-07 12:04:13,873 [INFO] IPUIPlugin:80 - create IPUIPlugin
2025-09-07 12:04:13,874 [INFO] PluginManager:220 - loadIPPluginJar : add spi
2025-09-07 12:04:13,920 [INFO] ThirdPartyUpdaterWithRetryManager:70 - Updater plugin not ready yet. [2/15]
2025-09-07 12:04:14,028 [INFO] IPUIPlugin:80 - create IPUIPlugin
2025-09-07 12:04:14,029 [INFO] PluginManager:220 - loadIPPluginJar : add stm32_wpan
2025-09-07 12:04:14,071 [INFO] IPUIPlugin:80 - create IPUIPlugin
2025-09-07 12:04:14,071 [INFO] PluginManager:220 - loadIPPluginJar : add tim
2025-09-07 12:04:14,167 [INFO] IPUIPlugin:80 - create IPUIPlugin
2025-09-07 12:04:14,167 [INFO] PluginManager:220 - loadIPPluginJar : add touchsensing
2025-09-07 12:04:14,215 [INFO] IPUIPlugin:80 - create IPUIPlugin
2025-09-07 12:04:14,215 [INFO] PluginManager:220 - loadIPPluginJar : add tracer_emb
2025-09-07 12:04:14,270 [INFO] IPUIPlugin:80 - create IPUIPlugin
2025-09-07 12:04:14,270 [INFO] PluginManager:220 - loadIPPluginJar : add ts
2025-09-07 12:04:14,310 [INFO] IPUIPlugin:80 - create IPUIPlugin
2025-09-07 12:04:14,310 [INFO] PluginManager:220 - loadIPPluginJar : add tsc
2025-09-07 12:04:14,346 [INFO] IPUIPlugin:80 - create IPUIPlugin
2025-09-07 12:04:14,346 [INFO] PluginManager:220 - loadIPPluginJar : add ucpd
2025-09-07 12:04:14,409 [INFO] IPUIPlugin:80 - create IPUIPlugin
2025-09-07 12:04:14,409 [INFO] PluginManager:220 - loadIPPluginJar : add usart
2025-09-07 12:04:14,485 [INFO] IPUIPlugin:80 - create IPUIPlugin
2025-09-07 12:04:14,485 [INFO] PluginManager:220 - loadIPPluginJar : add usbx
2025-09-07 12:04:14,623 [FATAL] Updater:351 - Updater called before beeing initialized
2025-09-07 12:04:14,647 [INFO] RulesReader:64 - Compatibility file has been processed (317 Rules)
2025-09-07 12:04:14,659 [INFO] RulesReader:64 - Compatibility file has been processed (317 Rules)
2025-09-07 12:04:14,667 [INFO] CADModel:165 - CPN selected for project level
2025-09-07 12:04:14,669 [INFO] CADModel:114 - Register for checkConnection events
2025-09-07 12:04:14,669 [FATAL] Updater:351 - Updater called before beeing initialized
2025-09-07 12:04:14,669 [ERROR] CADModel:125 - Updater not yet initialized, retry later 
2025-09-07 12:04:14,827 [FATAL] Updater:351 - Updater called before beeing initialized
2025-09-07 12:04:14,830 [INFO] CADModel:165 - CPN selected for project level
2025-09-07 12:04:14,830 [INFO] CADModel:114 - Register for checkConnection events
2025-09-07 12:04:14,831 [FATAL] Updater:351 - Updater called before beeing initialized
2025-09-07 12:04:14,831 [ERROR] CADModel:125 - Updater not yet initialized, retry later 
2025-09-07 12:04:14,835 [FATAL] Updater:351 - Updater called before beeing initialized
2025-09-07 12:04:14,975 [FATAL] Updater:351 - Updater called before beeing initialized
2025-09-07 12:04:14,988 [INFO] DbMcusAds:53 - JSON generation date=Tue Jul 08 10:14:23 CEST 2025 (1751962463582)
2025-09-07 12:04:14,988 [FATAL] Updater:351 - Updater called before beeing initialized
2025-09-07 12:04:15,077 [WARN] DetailPanel:346 - Failed to get advertising image, set to default
2025-09-07 12:04:15,157 [FATAL] Updater:351 - Updater called before beeing initialized
2025-09-07 12:04:15,160 [FATAL] Updater:351 - Updater called before beeing initialized
2025-09-07 12:04:15,160 [FATAL] Updater:351 - Updater called before beeing initialized
2025-09-07 12:04:15,160 [WARN] DetailPanel:346 - Failed to get advertising image, set to default
2025-09-07 12:04:15,161 [FATAL] Updater:351 - Updater called before beeing initialized
2025-09-07 12:04:15,216 [ERROR] Updater:1198 - MainUpdater not yet initialized. External WinMGr cannot be set.
2025-09-07 12:04:15,227 [INFO] Updater:1134 - Updater Version found : 6.15.0
2025-09-07 12:04:15,245 [INFO] ApplicationProperties:184 - Using Application install path: D:\Programy\STM32CubeIDE_1.19.0\STM32CubeIDE\plugins\com.st.stm32cube.common.mx_6.15.0.202507011659
2025-09-07 12:04:16,827 [ERROR] LogOutputStream:75 - [STDERR_REDIRECT] Sep 07, 2025 12:04:16 PM java.util.prefs.WindowsPreferences <init>
2025-09-07 12:04:16,828 [ERROR] LogOutputStream:75 - [STDERR_REDIRECT] WARNING: Could not open/create prefs root node Software\JavaSoft\Prefs at root 0xffffffff80000002. Windows RegCreateKeyEx(...) returned error code 5.
2025-09-07 12:04:16,828 [ERROR] LogOutputStream:75 - [STDERR_REDIRECT] 
2025-09-07 12:04:16,921 [INFO] ThirdPartyUpdaterWithRetryManager:70 - Updater plugin not ready yet. [3/15]
2025-09-07 12:04:17,167 [INFO] MainUpdater:2872 - connection check result : 10
2025-09-07 12:04:17,168 [INFO] MainUpdater:289 - Updater Check For Update Now.
2025-09-07 12:04:17,168 [INFO] MicroXplorer:498 - Change Database Version : DB.6.0.150
2025-09-07 12:04:17,187 [INFO] McuFinderGlobals:63 - Set McuFinder mode to 2 (CubeIDE integrated)
2025-09-07 12:04:17,197 [INFO] UserAuth:487 - Internet connection configuration mode: 1
2025-09-07 12:04:17,237 [INFO] JxBrowserEngine:152 - Initiate JxBrowser Engine with user profile folder
2025-09-07 12:04:17,391 [INFO] CheckServerUpdateThread:120 - End of CheckServer Thread
2025-09-07 12:04:18,245 [INFO] WebApp:169 - Instantiating new browser for Auth
2025-09-07 12:04:19,153 [INFO] WebApp:463 - Apply proxy settings
2025-09-07 12:04:19,154 [INFO] WebApp:548 - Chromium requires no authentication
2025-09-07 12:04:19,166 [INFO] WebApp:491 - Direct internet connection detected
2025-09-07 12:04:19,194 [INFO] WebApp:900 - Register for checkConnection events
2025-09-07 12:04:19,195 [INFO] WebApp:463 - Apply proxy settings
2025-09-07 12:04:19,195 [INFO] WebApp:548 - Chromium requires no authentication
2025-09-07 12:04:19,195 [INFO] WebApp:491 - Direct internet connection detected
2025-09-07 12:04:19,392 [INFO] WebApp:191 - Connection restablished
2025-09-07 12:04:19,411 [INFO] WebApp:225 - Starting web application
2025-09-07 12:04:19,412 [INFO] WebApp:593 - Web application path used D:\Programy\STM32CubeIDE_1.19.0\STM32CubeIDE\plugins\com.st.stm32cube.common.mx_6.15.0.202507011659\db\plugins\mcufinder\reactClient1\index.html
2025-09-07 12:04:19,617 [INFO] UserAuth:487 - Internet connection configuration mode: 1
2025-09-07 12:04:20,180 [WARN] PackLoader:240 - Cannot read IP mode file for STMicroelectronics.FP-SNS-MOTENVWB1.1.4.0
2025-09-07 12:04:20,203 [WARN] PackLoader:240 - Cannot read IP mode file for STMicroelectronics.FP-ATR-ASTRA1.2.0.2
2025-09-07 12:04:20,226 [WARN] PackLoader:240 - Cannot read IP mode file for STMicroelectronics.X-CUBE-SMBUS.2.1.0
2025-09-07 12:04:20,246 [WARN] PackLoader:240 - Cannot read IP mode file for STMicroelectronics.X-CUBE-ST60.1.0.0
2025-09-07 12:04:20,292 [WARN] PackLoader:240 - Cannot read IP mode file for STMicroelectronics.X-CUBE-AZRTOS-F7.1.1.0
2025-09-07 12:04:20,318 [WARN] PackLoader:240 - Cannot read IP mode file for STMicroelectronics.X-CUBE-BLE1.6.2.4
2025-09-07 12:04:20,343 [WARN] PackLoader:240 - Cannot read IP mode file for WES.I-CUBE-Cesium.1.4.0
2025-09-07 12:04:20,381 [WARN] PackLoader:240 - Cannot read IP mode file for Infineon.AIROC-Wi-Fi-Bluetooth-STM32.1.7.1
2025-09-07 12:04:20,431 [WARN] PackLoader:240 - Cannot read IP mode file for STMicroelectronics.X-CUBE-AZRTOS-H7.3.4.0
2025-09-07 12:04:20,467 [WARN] PackLoader:240 - Cannot read IP mode file for STMicroelectronics.X-CUBE-DISPLAY.3.0.0
2025-09-07 12:04:20,492 [WARN] PackLoader:240 - Cannot read IP mode file for STMicroelectronics.X-CUBE-NFC10.1.0.0
2025-09-07 12:04:20,516 [WARN] PackLoader:240 - Cannot read IP mode file for emotas.I-CUBE-CANOPEN.1.3.0
2025-09-07 12:04:20,538 [WARN] PackLoader:240 - Cannot read IP mode file for STMicroelectronics.FP-SNS-STBOX1.2.1.0
2025-09-07 12:04:20,557 [WARN] PackLoader:240 - Cannot read IP mode file for STMicroelectronics.FP-SNS-SMARTAG2.1.2.0
2025-09-07 12:04:20,578 [WARN] PackLoader:240 - Cannot read IP mode file for STMicroelectronics.FP-SNS-FLIGHT1.5.1.0
2025-09-07 12:04:20,606 [INFO] LogOutputStream:77 - [STDOUT_REDIRECT] 1 : Invalid condition id : UX_CORESTACK_Condition cause : null
2025-09-07 12:04:20,607 [INFO] LogOutputStream:77 - [STDOUT_REDIRECT] 1 : Invalid condition id : UX_CORESTACK_Condition cause : null
2025-09-07 12:04:20,607 [INFO] LogOutputStream:77 - [STDOUT_REDIRECT] 1 : Invalid condition id : UX_CORESTACK_Condition cause : null
2025-09-07 12:04:20,609 [INFO] LogOutputStream:77 - [STDOUT_REDIRECT] 1 : Invalid condition id : UX_CORESTACK_Condition cause : null
2025-09-07 12:04:20,610 [INFO] LogOutputStream:77 - [STDOUT_REDIRECT] 1 : Invalid condition id : UX_CORESTACK_Condition cause : null
2025-09-07 12:04:20,614 [WARN] PackLoader:240 - Cannot read IP mode file for STMicroelectronics.X-CUBE-AZRTOS-WL.2.0.0
2025-09-07 12:04:20,635 [WARN] PackLoader:240 - Cannot read IP mode file for STMicroelectronics.FP-SNS-MOTENV1.5.0.0
2025-09-07 12:04:20,657 [WARN] PackLoader:240 - Cannot read IP mode file for STMicroelectronics.X-CUBE-BLE2.3.3.0
2025-09-07 12:04:20,684 [WARN] PackLoader:240 - Cannot read IP mode file for STMicroelectronics.X-CUBE-TOF1.3.2.0
2025-09-07 12:04:20,708 [WARN] PackLoader:240 - Cannot read IP mode file for STMicroelectronics.X-CUBE-NFC9.1.0.0
2025-09-07 12:04:20,730 [WARN] PackLoader:240 - Cannot read IP mode file for wolfSSL.I-CUBE-wolfSSL.5.8.2
2025-09-07 12:04:20,748 [WARN] PackLoader:240 - Cannot read IP mode file for STMicroelectronics.X-CUBE-BLE1.7.1.0
2025-09-07 12:04:20,769 [WARN] PackLoader:240 - Cannot read IP mode file for wolfSSL.I-CUBE-wolfMQTT.1.19.2
2025-09-07 12:04:20,787 [WARN] PackLoader:240 - Cannot read IP mode file for STMicroelectronics.X-CUBE-EEPRMA1.5.2.0
2025-09-07 12:04:20,821 [WARN] PackLoader:240 - Cannot read IP mode file for STMicroelectronics.X-CUBE-TOUCHGFX.4.21.1
2025-09-07 12:04:20,842 [WARN] PackLoader:240 - Cannot read IP mode file for STMicroelectronics.X-CUBE-ALGOBUILD.1.3.0
2025-09-07 12:04:20,876 [WARN] PackLoader:240 - Cannot read IP mode file for STMicroelectronics.X-CUBE-AZRTOS-G0.1.1.0
2025-09-07 12:04:20,896 [WARN] PackLoader:240 - Cannot read IP mode file for STMicroelectronics.X-CUBE-SAFEA1.1.2.2
2025-09-07 12:04:20,917 [WARN] PackLoader:240 - Cannot read IP mode file for STMicroelectronics.X-CUBE-NFC4.3.0.0
2025-09-07 12:04:20,939 [WARN] PackLoader:240 - Cannot read IP mode file for EmbeddedOffice.I-CUBE-FS-RTOS.1.0.1
2025-09-07 12:04:20,957 [WARN] PackLoader:240 - Cannot read IP mode file for STMicroelectronics.X-CUBE-WB05N.2.0.0
2025-09-07 12:04:20,972 [WARN] PackLoader:240 - Cannot read IP mode file for wolfSSL.I-CUBE-wolfTPM.3.8.0
2025-09-07 12:04:20,991 [WARN] PackLoader:240 - Cannot read IP mode file for STMicroelectronics.X-CUBE-BLEMGR.1.3.0
2025-09-07 12:04:21,008 [WARN] PackLoader:240 - Cannot read IP mode file for STMicroelectronics.X-CUBE-TCPP.4.2.0
2025-09-07 12:04:21,027 [WARN] PackLoader:240 - Cannot read IP mode file for RealThread.X-CUBE-RT-Thread_Nano.4.1.1
2025-09-07 12:04:21,043 [WARN] PackLoader:240 - Cannot read IP mode file for STMicroelectronics.FP-ATR-SIGFOX1.3.2.0
2025-09-07 12:04:21,060 [WARN] PackLoader:240 - Cannot read IP mode file for ITTIA_DB.I-CUBE-ITTIADB.8.9.0
2025-09-07 12:04:21,104 [WARN] PackLoader:240 - Cannot read IP mode file for STMicroelectronics.X-CUBE-MEMS1.9.5.0
2025-09-07 12:04:21,231 [WARN] PackLoader:240 - Cannot read IP mode file for STMicroelectronics.X-CUBE-ST67W61.1.0.0
2025-09-07 12:04:21,269 [WARN] PackLoader:240 - Cannot read IP mode file for STMicroelectronics.X-CUBE-AI.10.2.0
2025-09-07 12:04:21,322 [WARN] PackLoader:240 - Cannot read IP mode file for SEGGER.I-CUBE-embOS.1.3.1
2025-09-07 12:04:21,370 [WARN] PackLoader:240 - Cannot read IP mode file for STMicroelectronics.X-CUBE-ALGOBUILD.1.4.0
2025-09-07 12:04:21,437 [WARN] PackLoader:240 - Cannot read IP mode file for STMicroelectronics.X-CUBE-MEMS1.11.3.0
2025-09-07 12:04:21,539 [WARN] PackLoader:240 - Cannot read IP mode file for STMicroelectronics.X-CUBE-PM33A1.1.0.0
2025-09-07 12:04:21,560 [WARN] PackLoader:240 - Cannot read IP mode file for STMicroelectronics.X-CUBE-GNSS1.6.0.0
2025-09-07 12:04:21,599 [WARN] PackLoader:240 - Cannot read IP mode file for STMicroelectronics.X-CUBE-AZRTOS-F4.1.1.0
2025-09-07 12:04:21,621 [WARN] PackLoader:240 - Cannot read IP mode file for Avnet-IotConnect.X-CUBE-IoTC-DA16k-PMOD.1.0.0
2025-09-07 12:04:21,640 [WARN] PackLoader:240 - Cannot read IP mode file for STMicroelectronics.X-CUBE-ISPU.2.1.0
2025-09-07 12:04:21,661 [WARN] PackLoader:240 - Cannot read IP mode file for STMicroelectronics.X-CUBE-NFC12.1.0.0
2025-09-07 12:04:21,694 [WARN] PackLoader:240 - Cannot read IP mode file for STMicroelectronics.X-CUBE-AZRTOS-L5.2.0.0
2025-09-07 12:04:21,722 [WARN] PackLoader:240 - Cannot read IP mode file for STMicroelectronics.X-CUBE-NFC6.3.1.0
2025-09-07 12:04:21,745 [WARN] PackLoader:240 - Cannot read IP mode file for emotas.I-CUBE-CANOPEN.1.1.3
2025-09-07 12:04:21,761 [WARN] PackLoader:240 - Cannot read IP mode file for wolfSSL.I-CUBE-wolfSSL.5.5.4
2025-09-07 12:04:21,785 [WARN] PackLoader:240 - Cannot read IP mode file for STMicroelectronics.X-CUBE-FREERTOS.1.3.1
2025-09-07 12:04:21,812 [WARN] PackLoader:240 - Cannot read IP mode file for STMicroelectronics.X-CUBE-NFC7.1.0.0
2025-09-07 12:04:21,837 [WARN] PackLoader:240 - Cannot read IP mode file for STMicroelectronics.X-CUBE-EEPRMA1.4.1.0
2025-09-07 12:04:21,863 [WARN] PackLoader:240 - Cannot read IP mode file for STMicroelectronics.FP-SNS-STAIOTCFT.1.0.0
2025-09-07 12:04:21,891 [WARN] PackLoader:240 - Cannot read IP mode file for STMicroelectronics.X-CUBE-DPower.1.3.0
2025-09-07 12:04:21,937 [WARN] ConditionMgr:438 - getConditionDescription Invalid condition id : LAN8742 Phy interface Condition cause : null
2025-09-07 12:04:21,938 [WARN] PackLoader:240 - Cannot read IP mode file for STMicroelectronics.X-CUBE-AZRTOS-L4.2.0.0
2025-09-07 12:04:21,940 [WARN] ConditionMgr:1044 - genDependencies : Invalid condition id : LAN8742 Phy interface Condition cause : null
2025-09-07 12:04:21,941 [WARN] ConditionMgr:1044 - genDependencies : Invalid condition id : LAN8742 Phy interface Condition cause : null
2025-09-07 12:04:21,941 [WARN] ConditionMgr:1044 - genDependencies : Invalid condition id : LAN8742 Phy interface Condition cause : null
2025-09-07 12:04:21,971 [WARN] PackLoader:240 - Cannot read IP mode file for STMicroelectronics.X-CUBE-SFXS2LP1.4.0.0
2025-09-07 12:04:22,018 [WARN] PackLoader:240 - Cannot read IP mode file for STMicroelectronics.X-CUBE-AZRTOS-H7.3.0.0
2025-09-07 12:04:22,045 [WARN] PackLoader:240 - Cannot read IP mode file for STMicroelectronics.X-CUBE-ISPU.1.1.0
2025-09-07 12:04:22,076 [WARN] PackLoader:240 - Cannot read IP mode file for RoweBots.I-CUBE-UNISONRTOS.5.5.0-4
2025-09-07 12:04:22,105 [WARN] PackLoader:240 - Cannot read IP mode file for STMicroelectronics.X-CUBE-BLEMGR.4.1.0
2025-09-07 12:04:22,130 [WARN] PackLoader:240 - Cannot read IP mode file for STMicroelectronics.X-CUBE-AI.8.0.0
2025-09-07 12:04:22,168 [WARN] ConditionMgr:438 - getConditionDescription Invalid condition id : UX DEVICE CLASS RTOS Condition cause : null
2025-09-07 12:04:22,168 [WARN] ConditionMgr:438 - getConditionDescription Invalid condition id : UX DEVICE CLASS RTOS Condition cause : null
2025-09-07 12:04:22,170 [WARN] PackLoader:240 - Cannot read IP mode file for STMicroelectronics.X-CUBE-AZRTOS-WB.2.0.0
2025-09-07 12:04:22,170 [WARN] ConditionMgr:1044 - genDependencies : Invalid condition id : UX DEVICE CLASS RTOS Condition cause : null
2025-09-07 12:04:22,170 [WARN] ConditionMgr:1044 - genDependencies : Invalid condition id : UX DEVICE CLASS RTOS Condition cause : null
2025-09-07 12:04:22,171 [WARN] ConditionMgr:1044 - genDependencies : Invalid condition id : UX DEVICE CLASS RTOS Condition cause : null
2025-09-07 12:04:22,171 [WARN] ConditionMgr:1044 - genDependencies : Invalid condition id : UX DEVICE CLASS RTOS Condition cause : null
2025-09-07 12:04:22,171 [WARN] ConditionMgr:1044 - genDependencies : Invalid condition id : UX DEVICE CLASS RTOS Condition cause : null
2025-09-07 12:04:22,193 [WARN] PackLoader:240 - Cannot read IP mode file for STMicroelectronics.X-CUBE-GNSS1.7.0.1
2025-09-07 12:04:22,219 [WARN] PackLoader:240 - Cannot read IP mode file for STMicroelectronics.X-CUBE-TOUCHGFX.4.25.0
2025-09-07 12:04:22,242 [WARN] ConditionMgr:438 - getConditionDescription Invalid condition id : Cortex-A Device cause : null
2025-09-07 12:04:22,278 [WARN] ConditionMgr:1044 - genDependencies : Invalid condition id : Cortex-A Device cause : null
2025-09-07 12:04:22,278 [WARN] ConditionMgr:1044 - genDependencies : Invalid condition id : Cortex-A Device cause : null
2025-09-07 12:04:22,279 [WARN] ConditionMgr:1044 - genDependencies : Invalid condition id : Cortex-A Device cause : null
2025-09-07 12:04:22,313 [WARN] PackLoader:240 - Cannot read IP mode file for STMicroelectronics.X-CUBE-AZRTOS-L5.1.1.0
2025-09-07 12:04:22,346 [WARN] PackLoader:240 - Cannot read IP mode file for STMicroelectronics.X-CUBE-SUBG2.5.0.0
2025-09-07 12:04:22,396 [WARN] PackLoader:240 - Cannot read IP mode file for STMicroelectronics.X-CUBE-AZRTOS-H7RS.1.1.0
2025-09-07 12:04:22,430 [WARN] PackLoader:240 - Cannot read IP mode file for Cesanta.I-CUBE-Mongoose.7.13.0
2025-09-07 12:04:22,474 [WARN] PackLoader:240 - Cannot read IP mode file for STMicroelectronics.X-CUBE-AZRTOS-G4.2.0.0
2025-09-07 12:04:22,496 [WARN] PackLoader:240 - Cannot read IP mode file for STMicroelectronics.FP-ATR-ASTRA1.1.1.1
2025-09-07 12:04:22,519 [WARN] PackLoader:240 - Cannot read IP mode file for wolfSSL.I-CUBE-wolfSSH.1.4.20
2025-09-07 12:04:22,539 [WARN] PackLoader:240 - Cannot read IP mode file for STMicroelectronics.X-CUBE-NFC7.2.0.0
2025-09-07 12:04:22,572 [WARN] PackLoader:240 - Cannot read IP mode file for STMicroelectronics.X-CUBE-AZRTOS-G4.1.0.0
2025-09-07 12:04:22,612 [WARN] PackLoader:240 - Cannot read IP mode file for STMicroelectronics.X-CUBE-AZRTOS-L4.1.0.0
2025-09-07 12:04:22,641 [WARN] PackLoader:240 - Cannot read IP mode file for STMicroelectronics.X-CUBE-IPS.3.1.0
2025-09-07 12:04:22,678 [WARN] PackLoader:240 - Cannot read IP mode file for STMicroelectronics.X-CUBE-ALS.1.0.2
2025-09-07 12:04:22,729 [WARN] PackLoader:240 - Cannot read IP mode file for STMicroelectronics.X-CUBE-AZRTOS-WL.1.0.0
2025-09-07 12:04:22,764 [WARN] PackLoader:240 - Cannot read IP mode file for STMicroelectronics.X-CUBE-STSE01.1.0.0
2025-09-07 12:04:22,792 [WARN] PackLoader:240 - Cannot read IP mode file for portGmbH.I-Cube-SoM-uGOAL.1.1.0
2025-09-07 12:04:22,815 [WARN] PackLoader:240 - Cannot read IP mode file for STMicroelectronics.X-CUBE-ALS.1.0.1
2025-09-07 12:04:22,844 [WARN] PackLoader:240 - Cannot read IP mode file for STMicroelectronics.X-CUBE-AZRTOS-WB.1.1.0
2025-09-07 12:04:22,874 [WARN] PackLoader:240 - Cannot read IP mode file for STMicroelectronics.X-CUBE-TOF1.3.4.3
2025-09-07 12:04:22,882 [INFO] ThirdParty:978 - Integrity check success = true
2025-09-07 12:04:22,882 [INFO] IntegrityCheckThread:100 - exiting critical section [integrity check]
2025-09-07 12:04:22,882 [INFO] IntegrityCheckThread:103 - End integrity checks thread
